0 info it worked if it ends with ok
1 verbose cli [ 'c:\\Program Files\\nodejs\\node.exe',
1 verbose cli   'C:\\Users\\Administrator\\AppData\\Roaming\\npm\\node_modules\\npm\\bin\\npm-cli.js',
1 verbose cli   'start' ]
2 info using npm@3.9.5
3 info using node@v6.10.0
4 verbose run-script [ 'prestart', 'start', 'poststart' ]
5 info lifecycle appid79d8ye026o@0.0.0~prestart: appid79d8ye026o@0.0.0
6 silly lifecycle appid79d8ye026o@0.0.0~prestart: no script for prestart, continuing
7 info lifecycle appid79d8ye026o@0.0.0~start: appid79d8ye026o@0.0.0
8 verbose lifecycle appid79d8ye026o@0.0.0~start: unsafe-perm in lifecycle true
9 verbose lifecycle appid79d8ye026o@0.0.0~start: PATH: C:\Users\Administrator\AppData\Roaming\npm\node_modules\npm\bin\node-gyp-bin;d:\GIT\jz100\jz200\node_modules\.bin;c:\Program Files\nodejs;c:\Users\Administrator\bin;.;C:\Program Files (x86)\Git\local\bin;C:\Program Files (x86)\Git\mingw\bin;C:\Program Files (x86)\Git\bin;C:\Program Files (x86)\Git\bin;c:\Program Files (x86)\NVIDIA Corporation\PhysX\Common;c:\WINDOWS\system32;c:\WINDOWS;c:\WINDOWS\System32\Wbem;c:\WINDOWS\System32\WindowsPowerShell\v1.0\;c:\Program Files (x86)\Windows Kits\8.1\Windows Performance Toolkit\;c:\Program Files\Microsoft SQL Server\110\Tools\Binn\;c:\Program Files\TortoiseSVN\bin;c:\Program Files (x86)\Microsoft ASP.NET\ASP.NET Web Pages\v1.0\;c:\Program Files (x86)\Microsoft SQL Server\100\Tools\Binn\;c:\Program Files\Microsoft SQL Server\100\Tools\Binn\;c:\Program Files\Microsoft SQL Server\100\DTS\Binn\;c:\Program Files (x86)\Microsoft SQL Server\100\Tools\Binn\VSShell\Common7\IDE\;c:\Program Files (x86)\Microsoft Visual Studio 9.0\Common7\IDE\PrivateAssemblies\;c:\Program Files (x86)\Microsoft SQL Server\100\DTS\Binn\;c:\Program Files\Microsoft\Web Platform Installer\;c:\Python27\;c:\Python27\Scripts\;c:\Program Files\MongoDB\Server\3.2\bin;c:\mysql-5.6.24\bin;c:\Program Files\nodejs\;c:\Program Files (x86)\Microsoft VS Code\bin;c:\Users\Administrator\AppData\Local\Microsoft\WindowsApps;c:\Users\Administrator\AppData\Roaming\npm
10 verbose lifecycle appid79d8ye026o@0.0.0~start: CWD: d:\GIT\jz100\jz200
11 silly lifecycle appid79d8ye026o@0.0.0~start: Args: [ '/d /s /c', 'node index.js' ]
12 silly lifecycle appid79d8ye026o@0.0.0~start: Returned: code: 1  signal: null
13 info lifecycle appid79d8ye026o@0.0.0~start: Failed to exec start script
14 verbose stack Error: appid79d8ye026o@0.0.0 start: `node index.js`
14 verbose stack Exit status 1
14 verbose stack     at EventEmitter.<anonymous> (C:\Users\Administrator\AppData\Roaming\npm\node_modules\npm\lib\utils\lifecycle.js:245:16)
14 verbose stack     at emitTwo (events.js:106:13)
14 verbose stack     at EventEmitter.emit (events.js:191:7)
14 verbose stack     at ChildProcess.<anonymous> (C:\Users\Administrator\AppData\Roaming\npm\node_modules\npm\lib\utils\spawn.js:24:14)
14 verbose stack     at emitTwo (events.js:106:13)
14 verbose stack     at ChildProcess.emit (events.js:191:7)
14 verbose stack     at maybeClose (internal/child_process.js:877:16)
14 verbose stack     at Process.ChildProcess._handle.onexit (internal/child_process.js:226:5)
15 verbose pkgid appid79d8ye026o@0.0.0
16 verbose cwd d:\GIT\jz100\jz200
17 error Windows_NT 10.0.14393
18 error argv "c:\\Program Files\\nodejs\\node.exe" "C:\\Users\\Administrator\\AppData\\Roaming\\npm\\node_modules\\npm\\bin\\npm-cli.js" "start"
19 error node v6.10.0
20 error npm  v3.9.5
21 error code ELIFECYCLE
22 error appid79d8ye026o@0.0.0 start: `node index.js`
22 error Exit status 1
23 error Failed at the appid79d8ye026o@0.0.0 start script 'node index.js'.
23 error Make sure you have the latest version of node.js and npm installed.
23 error If you do, this is most likely a problem with the appid79d8ye026o package,
23 error not with npm itself.
23 error Tell the author that this fails on your system:
23 error     node index.js
23 error You can get information on how to open an issue for this project with:
23 error     npm bugs appid79d8ye026o
23 error Or if that isn't available, you can get their info via:
23 error     npm owner ls appid79d8ye026o
23 error There is likely additional logging output above.
24 verbose exit [ 1, true ]
