[2017-06-13 13:30:00.021] [INFO] normal - [TASK] start  2017-6-13 09:29:24_12608_30
[2017-06-13 13:30:00.034] [WARN] normal - [2017-6-13 09:29:24_12608_30]=========================== Task START ===========================
[2017-06-13 13:30:00.047] [INFO] normal - [2017-6-13 09:29:24_12608_30]现在的并发数是25，正在抓取的是http://sh.34580.com/p/15，耗时11毫秒
[2017-06-13 13:30:00.082] [INFO] normal - [2017-6-13 09:29:24_12608_30]现在的并发数是24，正在抓取的是http://sh.34580.com/p/10，耗时45毫秒
[2017-06-13 13:30:00.104] [INFO] normal - [2017-6-13 09:29:24_12608_30]现在的并发数是23，正在抓取的是http://sh.34580.com/p/22，耗时67毫秒
[2017-06-13 13:30:00.133] [INFO] normal - [2017-6-13 09:29:24_12608_30]现在的并发数是22，正在抓取的是http://sh.34580.com/p/23，耗时96毫秒
[2017-06-13 13:30:00.165] [INFO] normal - [2017-6-13 09:29:24_12608_30]现在的并发数是21，正在抓取的是http://sh.34580.com/p/4，耗时128毫秒
[2017-06-13 13:30:00.179] [INFO] normal - [2017-6-13 09:29:24_12608_30]现在的并发数是20，正在抓取的是http://sh.34580.com/p/0，耗时142毫秒
[2017-06-13 13:30:00.190] [INFO] normal - [2017-6-13 09:29:24_12608_30]现在的并发数是19，正在抓取的是http://sh.34580.com/p/2，耗时153毫秒
[2017-06-13 13:30:00.236] [INFO] normal - [2017-6-13 09:29:24_12608_30]------- DB NONE ------- 5
[2017-06-13 13:30:00.237] [INFO] normal - [2017-6-13 09:29:24_12608_30]现在的并发数是18，正在抓取的是http://sh.34580.com/p/8，耗时197毫秒
[2017-06-13 13:30:00.431] [INFO] normal - [2017-6-13 09:29:24_12608_30]现在的并发数是17，正在抓取的是http://sh.34580.com/p/7，耗时393毫秒
[2017-06-13 13:30:00.437] [INFO] normal - [2017-6-13 09:29:24_12608_30]现在的并发数是16，正在抓取的是http://sh.34580.com/p/9，耗时400毫秒
[2017-06-13 13:30:00.474] [INFO] normal - [2017-6-13 09:29:24_12608_30]现在的并发数是15，正在抓取的是http://sh.34580.com/p/11，耗时436毫秒
[2017-06-13 13:30:00.534] [INFO] normal - [2017-6-13 09:29:24_12608_30]现在的并发数是14，正在抓取的是http://sh.34580.com/p/1，耗时498毫秒
[2017-06-13 13:30:00.545] [INFO] normal - [2017-6-13 09:29:24_12608_30]现在的并发数是13，正在抓取的是http://sh.34580.com/p/16，耗时509毫秒
[2017-06-13 13:30:00.680] [INFO] normal - [2017-6-13 09:29:24_12608_30]现在的并发数是12，正在抓取的是http://sh.34580.com/p/6，耗时552毫秒
[2017-06-13 13:30:00.681] [INFO] normal - [2017-6-13 09:29:24_12608_30]现在的并发数是11，正在抓取的是http://sh.34580.com/p/14，耗时569毫秒
[2017-06-13 13:30:00.681] [INFO] normal - [2017-6-13 09:29:24_12608_30]现在的并发数是10，正在抓取的是http://sh.34580.com/p/17，耗时611毫秒
[2017-06-13 13:30:00.682] [INFO] normal - [2017-6-13 09:29:24_12608_30]现在的并发数是9，正在抓取的是http://sh.34580.com/p/12，耗时626毫秒
[2017-06-13 13:30:00.683] [INFO] normal - [2017-6-13 09:29:24_12608_30]现在的并发数是8，正在抓取的是http://sh.34580.com/p/3，耗时643毫秒
[2017-06-13 13:30:00.695] [INFO] normal - [2017-6-13 09:29:24_12608_30]现在的并发数是7，正在抓取的是http://sh.34580.com/p/19，耗时654毫秒
[2017-06-13 13:30:00.696] [INFO] normal - [2017-6-13 09:29:24_12608_30]现在的并发数是6，正在抓取的是http://sh.34580.com/p/20，耗时660毫秒
[2017-06-13 13:30:00.701] [INFO] normal - [2017-6-13 09:29:24_12608_30]------------------ DB SUCCESS ------- 5
[2017-06-13 13:30:00.806] [INFO] normal - [2017-6-13 09:29:24_12608_30]现在的并发数是5，正在抓取的是http://sh.34580.com/p/24，耗时744毫秒
[2017-06-13 13:30:00.807] [INFO] normal - [2017-6-13 09:29:24_12608_30]现在的并发数是4，正在抓取的是http://sh.34580.com/p/18，耗时746毫秒
[2017-06-13 13:30:00.820] [INFO] normal - [2017-6-13 09:29:24_12608_30]------------------ DB SUCCESS ------- 5
[2017-06-13 13:30:00.960] [INFO] normal - [2017-6-13 09:29:24_12608_30]现在的并发数是3，正在抓取的是http://sh.34580.com/p/5，耗时816毫秒
[2017-06-13 13:30:00.961] [INFO] normal - [2017-6-13 09:29:24_12608_30]现在的并发数是2，正在抓取的是http://sh.34580.com/p/21，耗时825毫秒
[2017-06-13 13:30:00.962] [INFO] normal - [2017-6-13 09:29:24_12608_30]现在的并发数是1，正在抓取的是http://sh.34580.com/p/13，耗时882毫秒
[2017-06-13 13:30:01.128] [INFO] normal - [2017-6-13 09:29:24_12608_30]------------------ DB SUCCESS ------- 5
[2017-06-13 13:30:01.179] [INFO] normal - [2017-6-13 09:29:24_12608_30]------------------ DB SUCCESS ------- 5
[2017-06-13 13:30:01.251] [INFO] normal - [2017-6-13 09:29:24_12608_30]------------------ DB SUCCESS ------- 5
[2017-06-13 13:30:01.253] [INFO] normal - [2017-6-13 09:29:24_12608_30]------------------ DB SUCCESS ------- 5
[2017-06-13 13:30:01.316] [INFO] normal - [2017-6-13 09:29:24_12608_30]------------------ DB SUCCESS ------- 5
[2017-06-13 13:30:01.567] [INFO] normal - [2017-6-13 09:29:24_12608_30]------------------ DB SUCCESS ------- 5
[2017-06-13 13:30:01.579] [INFO] normal - [2017-6-13 09:29:24_12608_30]------------------ DB SUCCESS ------- 5
[2017-06-13 13:30:01.687] [INFO] normal - [2017-6-13 09:29:24_12608_30]------------------ DB SUCCESS ------- 5
[2017-06-13 13:30:01.778] [INFO] normal - [2017-6-13 09:29:24_12608_30]------------------ DB SUCCESS ------- 5
[2017-06-13 13:30:01.993] [INFO] normal - [2017-6-13 09:29:24_12608_30]------------------ DB SUCCESS ------- 5
[2017-06-13 13:30:01.996] [INFO] normal - [2017-6-13 09:29:24_12608_30]------------------ DB SUCCESS ------- 5
[2017-06-13 13:30:02.058] [INFO] normal - [2017-6-13 09:29:24_12608_30]------------------ DB SUCCESS ------- 5
[2017-06-13 13:30:02.073] [INFO] normal - [2017-6-13 09:29:24_12608_30]------------------ DB SUCCESS ------- 5
[2017-06-13 13:30:02.074] [INFO] normal - [2017-6-13 09:29:24_12608_30]------------------ DB SUCCESS ------- 5
[2017-06-13 13:30:02.194] [INFO] normal - [2017-6-13 09:29:24_12608_30]------------------ DB SUCCESS ------- 5
[2017-06-13 13:30:02.412] [INFO] normal - [2017-6-13 09:29:24_12608_30]------------------ DB SUCCESS ------- 5
[2017-06-13 13:30:02.665] [INFO] normal - [2017-6-13 09:29:24_12608_30]------------------ DB SUCCESS ------- 5
[2017-06-13 13:30:02.667] [INFO] normal - [2017-6-13 09:29:24_12608_30]------------------ DB SUCCESS ------- 5
[2017-06-13 13:30:02.790] [INFO] normal - [2017-6-13 09:29:24_12608_30]------------------ DB SUCCESS ------- 5
[2017-06-13 13:30:02.878] [WARN] normal - [2017-6-13 09:29:24_12608_30]=========================== TASK END ===========================
[2017-06-13 13:30:02.879] [WARN] normal - [2017-6-13 09:29:24_12608_30]本次爬虫结果总共25条  耗时=[2]秒
[2017-06-13 13:30:02.880] [INFO] normal - [2017-6-13 09:29:24_12608_30]------------------ DB SUCCESS ------- 5
[2017-06-13 13:30:02.886] [INFO] normal - [2017-6-13 09:29:24_12608_30]------------------ DB SUCCESS ------- 5
[2017-06-13 13:30:02.888] [INFO] normal - [2017-6-13 09:29:24_12608_30]------------------ DB SUCCESS ------- 5
