[2017-06-12 22:00:04.505] [INFO] normal - This is an index page! -- log4js
[2017-06-12 22:00:29.720] [INFO] normal - This is an index page! -- log4js
[2017-06-12 22:00:30.330] [INFO] normal - This is an index page! -- log4js
[2017-06-12 22:00:30.566] [INFO] normal - This is an index page! -- log4js
[2017-06-12 22:12:29.141] [INFO] normal - [TASK] set  2017-6-12 22:12:29_1556_13
[2017-06-12 22:13:00.021] [INFO] normal - [TASK] start  2017-6-12 22:12:29_1556_13
[2017-06-12 22:13:00.027] [INFO] normal - [2017-6-12 22:12:29_1556_13]=========================== Task START ===========================
[2017-06-12 22:13:00.032] [INFO] normal - [2017-6-12 22:12:29_1556_13]现在的并发数是50，正在抓取的是http://sh.34580.com/p/30，耗时3毫秒
[2017-06-12 22:13:00.058] [INFO] normal - [2017-6-12 22:12:29_1556_13]现在的并发数是50，正在抓取的是http://sh.34580.com/p/27，耗时28毫秒
[2017-06-12 22:13:00.124] [INFO] normal - [2017-6-12 22:12:29_1556_13]现在的并发数是50，正在抓取的是http://sh.34580.com/p/49，耗时93毫秒
[2017-06-12 22:13:00.129] [INFO] normal - [2017-6-12 22:12:29_1556_13]现在的并发数是50，正在抓取的是http://sh.34580.com/p/15，耗时99毫秒
[2017-06-12 22:13:00.139] [INFO] normal - [2017-6-12 22:12:29_1556_13]现在的并发数是50，正在抓取的是http://sh.34580.com/p/45，耗时108毫秒
[2017-06-12 22:13:00.147] [INFO] normal - [2017-6-12 22:12:29_1556_13]现在的并发数是50，正在抓取的是http://sh.34580.com/p/9，耗时117毫秒
[2017-06-12 22:13:00.187] [INFO] normal - [2017-6-12 22:12:29_1556_13]现在的并发数是50，正在抓取的是http://sh.34580.com/p/8，耗时156毫秒
[2017-06-12 22:13:00.190] [INFO] normal - [2017-6-12 22:12:29_1556_13]现在的并发数是50，正在抓取的是http://sh.34580.com/p/17，耗时159毫秒
[2017-06-12 22:13:00.203] [INFO] normal - [2017-6-12 22:12:29_1556_13]现在的并发数是50，正在抓取的是http://sh.34580.com/p/25，耗时172毫秒
[2017-06-12 22:13:00.204] [INFO] normal - [2017-6-12 22:12:29_1556_13]现在的并发数是50，正在抓取的是http://sh.34580.com/p/58，耗时0毫秒
[2017-06-12 22:13:00.215] [INFO] normal - [2017-6-12 22:12:29_1556_13]现在的并发数是50，正在抓取的是http://sh.34580.com/p/31，耗时185毫秒
[2017-06-12 22:13:00.232] [INFO] normal - [2017-6-12 22:12:29_1556_13]现在的并发数是50，正在抓取的是http://sh.34580.com/p/32，耗时201毫秒
[2017-06-12 22:13:00.238] [INFO] normal - [2017-6-12 22:12:29_1556_13]现在的并发数是50，正在抓取的是http://sh.34580.com/p/19，耗时208毫秒
[2017-06-12 22:13:00.248] [INFO] normal - [2017-6-12 22:12:29_1556_13]现在的并发数是50，正在抓取的是http://sh.34580.com/p/38，耗时218毫秒
[2017-06-12 22:13:00.269] [INFO] normal - [2017-6-12 22:12:29_1556_13]现在的并发数是50，正在抓取的是http://sh.34580.com/p/36，耗时238毫秒
[2017-06-12 22:13:00.281] [INFO] normal - [2017-6-12 22:12:29_1556_13]现在的并发数是50，正在抓取的是http://sh.34580.com/p/55，耗时132毫秒
[2017-06-12 22:13:00.292] [INFO] normal - [2017-6-12 22:12:29_1556_13]现在的并发数是50，正在抓取的是http://sh.34580.com/p/23，耗时261毫秒
[2017-06-12 22:13:00.298] [INFO] normal - [2017-6-12 22:12:29_1556_13]现在的并发数是50，正在抓取的是http://sh.34580.com/p/13，耗时268毫秒
[2017-06-12 22:13:00.299] [INFO] normal - [2017-6-12 22:12:29_1556_13]现在的并发数是50，正在抓取的是http://sh.34580.com/p/20，耗时268毫秒
[2017-06-12 22:13:00.307] [INFO] normal - [2017-6-12 22:12:29_1556_13]现在的并发数是50，正在抓取的是http://sh.34580.com/p/1，耗时277毫秒
[2017-06-12 22:13:00.332] [INFO] normal - [2017-6-12 22:12:29_1556_13]现在的并发数是50，正在抓取的是http://sh.34580.com/p/16，耗时302毫秒
[2017-06-12 22:13:00.333] [INFO] normal - [2017-6-12 22:12:29_1556_13]现在的并发数是50，正在抓取的是http://sh.34580.com/p/29，耗时303毫秒
[2017-06-12 22:13:00.335] [INFO] normal - [2017-6-12 22:12:29_1556_13]现在的并发数是50，正在抓取的是http://sh.34580.com/p/33，耗时305毫秒
[2017-06-12 22:13:00.338] [INFO] normal - [2017-6-12 22:12:29_1556_13]现在的并发数是50，正在抓取的是http://sh.34580.com/p/42，耗时308毫秒
[2017-06-12 22:13:00.349] [INFO] normal - [2017-6-12 22:12:29_1556_13]现在的并发数是50，正在抓取的是http://sh.34580.com/p/41，耗时315毫秒
[2017-06-12 22:13:00.358] [INFO] normal - [2017-6-12 22:12:29_1556_13]现在的并发数是50，正在抓取的是http://sh.34580.com/p/0，耗时329毫秒
[2017-06-12 22:13:00.372] [INFO] normal - [2017-6-12 22:12:29_1556_13]现在的并发数是50，正在抓取的是http://sh.34580.com/p/43，耗时341毫秒
[2017-06-12 22:13:00.408] [INFO] normal - [2017-6-12 22:12:29_1556_13]现在的并发数是50，正在抓取的是http://sh.34580.com/p/37，耗时377毫秒
[2017-06-12 22:13:00.409] [INFO] normal - [2017-6-12 22:12:29_1556_13]现在的并发数是50，正在抓取的是http://sh.34580.com/p/73，耗时68毫秒
[2017-06-12 22:13:00.417] [INFO] normal - [2017-6-12 22:12:29_1556_13]现在的并发数是50，正在抓取的是http://sh.34580.com/p/70，耗时84毫秒
[2017-06-12 22:13:00.421] [INFO] normal - [2017-6-12 22:12:29_1556_13]现在的并发数是50，正在抓取的是http://sh.34580.com/p/35，耗时391毫秒
[2017-06-12 22:13:00.441] [INFO] normal - [2017-6-12 22:12:29_1556_13]现在的并发数是50，正在抓取的是http://sh.34580.com/p/48，耗时411毫秒
[2017-06-12 22:13:00.445] [INFO] normal - [2017-6-12 22:12:29_1556_13]现在的并发数是50，正在抓取的是http://sh.34580.com/p/21，耗时415毫秒
[2017-06-12 22:13:00.469] [INFO] normal - [2017-6-12 22:12:29_1556_13]现在的并发数是50，正在抓取的是http://sh.34580.com/p/12，耗时438毫秒
[2017-06-12 22:13:00.488] [INFO] normal - [2017-6-12 22:12:29_1556_13]现在的并发数是50，正在抓取的是http://sh.34580.com/p/82，耗时40毫秒
[2017-06-12 22:13:00.516] [INFO] normal - [2017-6-12 22:12:29_1556_13]------- DB NONE ------- http://localhost:18080/products/insert
[2017-06-12 22:13:00.517] [INFO] normal - [2017-6-12 22:12:29_1556_13]现在的并发数是50，正在抓取的是http://sh.34580.com/p/66，耗时201毫秒
[2017-06-12 22:13:00.518] [INFO] normal - [2017-6-12 22:12:29_1556_13]现在的并发数是50，正在抓取的是http://sh.34580.com/p/64，耗时230毫秒
[2017-06-12 22:13:00.518] [INFO] normal - [2017-6-12 22:12:29_1556_13]现在的并发数是50，正在抓取的是http://sh.34580.com/p/65，耗时230毫秒
[2017-06-12 22:13:00.519] [INFO] normal - [2017-6-12 22:12:29_1556_13]现在的并发数是50，正在抓取的是http://sh.34580.com/p/7，耗时473毫秒
[2017-06-12 22:13:00.520] [INFO] normal - [2017-6-12 22:12:29_1556_13]现在的并发数是50，正在抓取的是http://sh.34580.com/p/74，耗时157毫秒
[2017-06-12 22:13:00.540] [INFO] normal - [2017-6-12 22:12:29_1556_13]现在的并发数是50，正在抓取的是http://sh.34580.com/p/5，耗时510毫秒
[2017-06-12 22:13:00.547] [INFO] normal - [2017-6-12 22:12:29_1556_13]现在的并发数是50，正在抓取的是http://sh.34580.com/p/52，耗时422毫秒
[2017-06-12 22:13:00.552] [INFO] normal - [2017-6-12 22:12:29_1556_13]现在的并发数是50，正在抓取的是http://sh.34580.com/p/71，耗时214毫秒
[2017-06-12 22:13:00.570] [INFO] normal - [2017-6-12 22:12:29_1556_13]现在的并发数是50，正在抓取的是http://sh.34580.com/p/59，耗时364毫秒
[2017-06-12 22:13:00.572] [INFO] normal - [2017-6-12 22:12:29_1556_13]现在的并发数是50，正在抓取的是http://sh.34580.com/p/3，耗时539毫秒
[2017-06-12 22:13:00.580] [INFO] normal - [2017-6-12 22:12:29_1556_13]现在的并发数是50，正在抓取的是http://sh.34580.com/p/77，耗时171毫秒
[2017-06-12 22:13:00.586] [INFO] normal - [2017-6-12 22:12:29_1556_13]现在的并发数是50，正在抓取的是http://sh.34580.com/p/88，耗时65毫秒
[2017-06-12 22:13:00.587] [INFO] normal - [2017-6-12 22:12:29_1556_13]现在的并发数是50，正在抓取的是http://sh.34580.com/p/90，耗时46毫秒
[2017-06-12 22:13:00.591] [INFO] normal - [2017-6-12 22:12:29_1556_13]现在的并发数是50，正在抓取的是http://sh.34580.com/p/10，耗时561毫秒
[2017-06-12 22:13:00.623] [INFO] normal - [2017-6-12 22:12:29_1556_13]现在的并发数是50，正在抓取的是http://sh.34580.com/p/78，耗时213毫秒
[2017-06-12 22:13:00.628] [INFO] normal - [2017-6-12 22:12:29_1556_13]现在的并发数是50，正在抓取的是http://sh.34580.com/p/46，耗时596毫秒
[2017-06-12 22:13:00.638] [INFO] normal - [2017-6-12 22:12:29_1556_13]现在的并发数是49，正在抓取的是http://sh.34580.com/p/40，耗时607毫秒
[2017-06-12 22:13:00.638] [INFO] normal - [2017-6-12 22:12:29_1556_13]现在的并发数是48，正在抓取的是http://sh.34580.com/p/69，耗时329毫秒
[2017-06-12 22:13:00.661] [INFO] normal - [2017-6-12 22:12:29_1556_13]现在的并发数是47，正在抓取的是http://sh.34580.com/p/95，耗时81毫秒
[2017-06-12 22:13:00.851] [INFO] normal - [2017-6-12 22:12:29_1556_13]现在的并发数是46，正在抓取的是http://sh.34580.com/p/83，耗时202毫秒
[2017-06-12 22:13:00.851] [INFO] normal - [2017-6-12 22:12:29_1556_13]现在的并发数是45，正在抓取的是http://sh.34580.com/p/39，耗时648毫秒
[2017-06-12 22:13:00.852] [INFO] normal - [2017-6-12 22:12:29_1556_13]现在的并发数是44，正在抓取的是http://sh.34580.com/p/89，耗时162毫秒
[2017-06-12 22:13:00.853] [INFO] normal - [2017-6-12 22:12:29_1556_13]现在的并发数是43，正在抓取的是http://sh.34580.com/p/97，耗时106毫秒
[2017-06-12 22:13:00.853] [INFO] normal - [2017-6-12 22:12:29_1556_13]现在的并发数是42，正在抓取的是http://sh.34580.com/p/63，耗时460毫秒
[2017-06-12 22:13:00.855] [INFO] normal - [2017-6-12 22:12:29_1556_13]现在的并发数是41，正在抓取的是http://sh.34580.com/p/14，耗时689毫秒
[2017-06-12 22:13:00.855] [INFO] normal - [2017-6-12 22:12:29_1556_13]现在的并发数是40，正在抓取的是http://sh.34580.com/p/18，耗时703毫秒
[2017-06-12 22:13:00.856] [INFO] normal - [2017-6-12 22:12:29_1556_13]现在的并发数是39，正在抓取的是http://sh.34580.com/p/44，耗时724毫秒
[2017-06-12 22:13:00.858] [INFO] normal - [2017-6-12 22:12:29_1556_13]现在的并发数是38，正在抓取的是http://sh.34580.com/p/24，耗时726毫秒
[2017-06-12 22:13:00.862] [INFO] normal - [2017-6-12 22:12:29_1556_13]现在的并发数是37，正在抓取的是http://sh.34580.com/p/79，耗时343毫秒
[2017-06-12 22:13:00.863] [INFO] normal - [2017-6-12 22:12:29_1556_13]现在的并发数是36，正在抓取的是http://sh.34580.com/p/68，耗时486毫秒
[2017-06-12 22:13:00.864] [INFO] normal - [2017-6-12 22:12:29_1556_13]现在的并发数是35，正在抓取的是http://sh.34580.com/p/34，耗时756毫秒
[2017-06-12 22:13:00.865] [INFO] normal - [2017-6-12 22:12:29_1556_13]现在的并发数是34，正在抓取的是http://sh.34580.com/p/50，耗时766毫秒
[2017-06-12 22:13:00.866] [INFO] normal - [2017-6-12 22:12:29_1556_13]现在的并发数是33，正在抓取的是http://sh.34580.com/p/57，耗时623毫秒
[2017-06-12 22:13:00.867] [INFO] normal - [2017-6-12 22:12:29_1556_13]现在的并发数是32，正在抓取的是http://sh.34580.com/p/22，耗时784毫秒
[2017-06-12 22:13:00.868] [INFO] normal - [2017-6-12 22:12:29_1556_13]现在的并发数是31，正在抓取的是http://sh.34580.com/p/2，耗时788毫秒
[2017-06-12 22:13:00.869] [INFO] normal - [2017-6-12 22:12:29_1556_13]现在的并发数是30，正在抓取的是http://sh.34580.com/p/67，耗时529毫秒
[2017-06-12 22:13:00.870] [INFO] normal - [2017-6-12 22:12:29_1556_13]现在的并发数是29，正在抓取的是http://sh.34580.com/p/11，耗时804毫秒
[2017-06-12 22:13:00.870] [INFO] normal - [2017-6-12 22:12:29_1556_13]现在的并发数是28，正在抓取的是http://sh.34580.com/p/54，耗时695毫秒
[2017-06-12 22:13:00.871] [INFO] normal - [2017-6-12 22:12:29_1556_13]现在的并发数是27，正在抓取的是http://sh.34580.com/p/96，耗时269毫秒
[2017-06-12 22:13:00.872] [INFO] normal - [2017-6-12 22:12:29_1556_13]现在的并发数是26，正在抓取的是http://sh.34580.com/p/81，耗时419毫秒
[2017-06-12 22:13:00.933] [INFO] normal - [2017-6-12 22:12:29_1556_13]现在的并发数是25，正在抓取的是http://sh.34580.com/p/6，耗时861毫秒
[2017-06-12 22:13:00.934] [INFO] normal - [2017-6-12 22:12:29_1556_13]现在的并发数是24，正在抓取的是http://sh.34580.com/p/28，耗时863毫秒
[2017-06-12 22:13:00.935] [INFO] normal - [2017-6-12 22:12:29_1556_13]现在的并发数是23，正在抓取的是http://sh.34580.com/p/94，耗时354毫秒
[2017-06-12 22:13:00.935] [INFO] normal - [2017-6-12 22:12:29_1556_13]现在的并发数是22，正在抓取的是http://sh.34580.com/p/98，耗时341毫秒
[2017-06-12 22:13:00.936] [INFO] normal - [2017-6-12 22:12:29_1556_13]现在的并发数是21，正在抓取的是http://sh.34580.com/p/86，耗时418毫秒
[2017-06-12 22:13:00.937] [INFO] normal - [2017-6-12 22:12:29_1556_13]现在的并发数是20，正在抓取的是http://sh.34580.com/p/56，耗时750毫秒
[2017-06-12 22:13:00.953] [INFO] normal - [2017-6-12 22:12:29_1556_13]------------------ DB SUCCESS ------- http://localhost:18080/products/insert
[2017-06-12 22:13:00.955] [INFO] normal - [2017-6-12 22:12:29_1556_13]现在的并发数是19，正在抓取的是http://sh.34580.com/p/75，耗时596毫秒
[2017-06-12 22:13:01.321] [INFO] normal - [2017-6-12 22:12:29_1556_13]现在的并发数是18，正在抓取的是http://sh.34580.com/p/61，耗时743毫秒
[2017-06-12 22:13:01.322] [INFO] normal - [2017-6-12 22:12:29_1556_13]现在的并发数是17，正在抓取的是http://sh.34580.com/p/51，耗时926毫秒
[2017-06-12 22:13:01.323] [INFO] normal - [2017-6-12 22:12:29_1556_13]现在的并发数是16，正在抓取的是http://sh.34580.com/p/76，耗时616毫秒
[2017-06-12 22:13:01.324] [INFO] normal - [2017-6-12 22:12:29_1556_13]现在的并发数是15，正在抓取的是http://sh.34580.com/p/47，耗时964毫秒
[2017-06-12 22:13:01.326] [INFO] normal - [2017-6-12 22:12:29_1556_13]现在的并发数是14，正在抓取的是http://sh.34580.com/p/84，耗时507毫秒
[2017-06-12 22:13:01.327] [INFO] normal - [2017-6-12 22:12:29_1556_13]现在的并发数是13，正在抓取的是http://sh.34580.com/p/4，耗时966毫秒
[2017-06-12 22:13:01.329] [INFO] normal - [2017-6-12 22:12:29_1556_13]现在的并发数是12，正在抓取的是http://sh.34580.com/p/62，耗时772毫秒
[2017-06-12 22:13:01.330] [INFO] normal - [2017-6-12 22:12:29_1556_13]现在的并发数是11，正在抓取的是http://sh.34580.com/p/26，耗时997毫秒
[2017-06-12 22:13:01.331] [INFO] normal - [2017-6-12 22:12:29_1556_13]现在的并发数是10，正在抓取的是http://sh.34580.com/p/87，耗时526毫秒
[2017-06-12 22:13:01.331] [INFO] normal - [2017-6-12 22:12:29_1556_13]现在的并发数是9，正在抓取的是http://sh.34580.com/p/53，耗时985毫秒
[2017-06-12 22:13:01.332] [INFO] normal - [2017-6-12 22:12:29_1556_13]现在的并发数是8，正在抓取的是http://sh.34580.com/p/85，耗时652毫秒
[2017-06-12 22:13:01.333] [INFO] normal - [2017-6-12 22:12:29_1556_13]现在的并发数是7，正在抓取的是http://sh.34580.com/p/60，耗时977毫秒
[2017-06-12 22:13:01.334] [INFO] normal - [2017-6-12 22:12:29_1556_13]现在的并发数是6，正在抓取的是http://sh.34580.com/p/93，耗时697毫秒
[2017-06-12 22:13:01.335] [INFO] normal - [2017-6-12 22:12:29_1556_13]现在的并发数是5，正在抓取的是http://sh.34580.com/p/99，耗时645毫秒
[2017-06-12 22:13:01.336] [INFO] normal - [2017-6-12 22:12:29_1556_13]现在的并发数是4，正在抓取的是http://sh.34580.com/p/80，耗时862毫秒
[2017-06-12 22:13:01.340] [INFO] normal - [2017-6-12 22:12:29_1556_13]现在的并发数是3，正在抓取的是http://sh.34580.com/p/91，耗时739毫秒
[2017-06-12 22:13:01.344] [INFO] normal - [2017-6-12 22:12:29_1556_13]现在的并发数是2，正在抓取的是http://sh.34580.com/p/72，耗时958毫秒
[2017-06-12 22:13:01.442] [INFO] normal - [2017-6-12 22:12:29_1556_13]现在的并发数是1，正在抓取的是http://sh.34580.com/p/92，耗时797毫秒
[2017-06-12 22:13:01.794] [INFO] normal - [2017-6-12 22:12:29_1556_13]------------------ DB SUCCESS ------- http://localhost:18080/products/insert
[2017-06-12 22:13:01.817] [INFO] normal - [2017-6-12 22:12:29_1556_13]------------------ DB SUCCESS ------- http://localhost:18080/products/insert
[2017-06-12 22:13:01.837] [INFO] normal - [2017-6-12 22:12:29_1556_13]------------------ DB SUCCESS ------- http://localhost:18080/products/insert
[2017-06-12 22:13:01.894] [INFO] normal - [2017-6-12 22:12:29_1556_13]------------------ DB SUCCESS ------- http://localhost:18080/products/insert
[2017-06-12 22:13:01.895] [INFO] normal - [2017-6-12 22:12:29_1556_13]------------------ DB SUCCESS ------- http://localhost:18080/products/insert
[2017-06-12 22:13:01.896] [INFO] normal - [2017-6-12 22:12:29_1556_13]------------------ DB SUCCESS ------- http://localhost:18080/products/insert
[2017-06-12 22:13:03.194] [INFO] normal - [2017-6-12 22:12:29_1556_13]------------------ DB SUCCESS ------- http://localhost:18080/products/insert
[2017-06-12 22:13:03.195] [INFO] normal - [2017-6-12 22:12:29_1556_13]------------------ DB SUCCESS ------- http://localhost:18080/products/insert
[2017-06-12 22:13:03.195] [INFO] normal - [2017-6-12 22:12:29_1556_13]------------------ DB SUCCESS ------- http://localhost:18080/products/insert
[2017-06-12 22:13:04.113] [INFO] normal - [2017-6-12 22:12:29_1556_13]------------------ DB SUCCESS ------- http://localhost:18080/products/insert
[2017-06-12 22:13:04.113] [INFO] normal - [2017-6-12 22:12:29_1556_13]------------------ DB SUCCESS ------- http://localhost:18080/products/insert
[2017-06-12 22:13:04.114] [INFO] normal - [2017-6-12 22:12:29_1556_13]------------------ DB SUCCESS ------- http://localhost:18080/products/insert
[2017-06-12 22:13:04.114] [INFO] normal - [2017-6-12 22:12:29_1556_13]------------------ DB SUCCESS ------- http://localhost:18080/products/insert
[2017-06-12 22:13:04.403] [INFO] normal - [2017-6-12 22:12:29_1556_13]------------------ DB SUCCESS ------- http://localhost:18080/products/insert
[2017-06-12 22:13:04.404] [INFO] normal - [2017-6-12 22:12:29_1556_13]------------------ DB SUCCESS ------- http://localhost:18080/products/insert
[2017-06-12 22:13:04.406] [INFO] normal - [2017-6-12 22:12:29_1556_13]------------------ DB SUCCESS ------- http://localhost:18080/products/insert
[2017-06-12 22:13:04.407] [INFO] normal - [2017-6-12 22:12:29_1556_13]------------------ DB SUCCESS ------- http://localhost:18080/products/insert
[2017-06-12 22:13:04.408] [INFO] normal - [2017-6-12 22:12:29_1556_13]------------------ DB SUCCESS ------- http://localhost:18080/products/insert
[2017-06-12 22:13:04.443] [INFO] normal - [2017-6-12 22:12:29_1556_13]------------------ DB SUCCESS ------- http://localhost:18080/products/insert
[2017-06-12 22:13:04.443] [INFO] normal - [2017-6-12 22:12:29_1556_13]------------------ DB SUCCESS ------- http://localhost:18080/products/insert
[2017-06-12 22:13:04.444] [INFO] normal - [2017-6-12 22:12:29_1556_13]------------------ DB SUCCESS ------- http://localhost:18080/products/insert
[2017-06-12 22:13:04.445] [INFO] normal - [2017-6-12 22:12:29_1556_13]------------------ DB SUCCESS ------- http://localhost:18080/products/insert
[2017-06-12 22:13:04.445] [INFO] normal - [2017-6-12 22:12:29_1556_13]------------------ DB SUCCESS ------- http://localhost:18080/products/insert
[2017-06-12 22:13:04.446] [INFO] normal - [2017-6-12 22:12:29_1556_13]------------------ DB SUCCESS ------- http://localhost:18080/products/insert
[2017-06-12 22:13:04.446] [INFO] normal - [2017-6-12 22:12:29_1556_13]------------------ DB SUCCESS ------- http://localhost:18080/products/insert
[2017-06-12 22:13:04.447] [INFO] normal - [2017-6-12 22:12:29_1556_13]------------------ DB SUCCESS ------- http://localhost:18080/products/insert
[2017-06-12 22:13:04.449] [INFO] normal - [2017-6-12 22:12:29_1556_13]------------------ DB SUCCESS ------- http://localhost:18080/products/insert
[2017-06-12 22:13:04.455] [INFO] normal - [2017-6-12 22:12:29_1556_13]------------------ DB SUCCESS ------- http://localhost:18080/products/insert
[2017-06-12 22:13:04.457] [INFO] normal - [2017-6-12 22:12:29_1556_13]------------------ DB SUCCESS ------- http://localhost:18080/products/insert
[2017-06-12 22:13:04.458] [INFO] normal - [2017-6-12 22:12:29_1556_13]------------------ DB SUCCESS ------- http://localhost:18080/products/insert
[2017-06-12 22:13:04.460] [INFO] normal - [2017-6-12 22:12:29_1556_13]------------------ DB SUCCESS ------- http://localhost:18080/products/insert
[2017-06-12 22:13:04.460] [INFO] normal - [2017-6-12 22:12:29_1556_13]------------------ DB SUCCESS ------- http://localhost:18080/products/insert
[2017-06-12 22:13:04.461] [INFO] normal - [2017-6-12 22:12:29_1556_13]------------------ DB SUCCESS ------- http://localhost:18080/products/insert
[2017-06-12 22:13:04.462] [INFO] normal - [2017-6-12 22:12:29_1556_13]------------------ DB SUCCESS ------- http://localhost:18080/products/insert
[2017-06-12 22:13:04.462] [INFO] normal - [2017-6-12 22:12:29_1556_13]------------------ DB SUCCESS ------- http://localhost:18080/products/insert
[2017-06-12 22:13:04.463] [INFO] normal - [2017-6-12 22:12:29_1556_13]------------------ DB SUCCESS ------- http://localhost:18080/products/insert
[2017-06-12 22:13:04.464] [INFO] normal - [2017-6-12 22:12:29_1556_13]------------------ DB SUCCESS ------- http://localhost:18080/products/insert
[2017-06-12 22:13:04.465] [INFO] normal - [2017-6-12 22:12:29_1556_13]------------------ DB SUCCESS ------- http://localhost:18080/products/insert
[2017-06-12 22:13:04.465] [INFO] normal - [2017-6-12 22:12:29_1556_13]------------------ DB SUCCESS ------- http://localhost:18080/products/insert
[2017-06-12 22:13:04.466] [INFO] normal - [2017-6-12 22:12:29_1556_13]------------------ DB SUCCESS ------- http://localhost:18080/products/insert
[2017-06-12 22:13:04.466] [INFO] normal - [2017-6-12 22:12:29_1556_13]------------------ DB SUCCESS ------- http://localhost:18080/products/insert
[2017-06-12 22:13:04.467] [INFO] normal - [2017-6-12 22:12:29_1556_13]------------------ DB SUCCESS ------- http://localhost:18080/products/insert
[2017-06-12 22:13:04.627] [INFO] normal - [2017-6-12 22:12:29_1556_13]------------------ DB SUCCESS ------- http://localhost:18080/products/insert
[2017-06-12 22:13:04.627] [INFO] normal - [2017-6-12 22:12:29_1556_13]------------------ DB SUCCESS ------- http://localhost:18080/products/insert
[2017-06-12 22:13:04.941] [INFO] normal - [2017-6-12 22:12:29_1556_13]------------------ DB SUCCESS ------- http://localhost:18080/products/insert
[2017-06-12 22:13:06.808] [INFO] normal - [2017-6-12 22:12:29_1556_13]=========================== TASK END ===========================
[2017-06-12 22:13:06.808] [INFO] normal - [2017-6-12 22:12:29_1556_13]本次爬虫结果总共100条  耗时=[6]秒
[2017-06-12 22:13:06.813] [INFO] normal - [2017-6-12 22:12:29_1556_13]------------------ DB SUCCESS ------- http://localhost:18080/products/insert
[2017-06-12 22:13:06.814] [INFO] normal - [2017-6-12 22:12:29_1556_13]------------------ DB SUCCESS ------- http://localhost:18080/products/insert
[2017-06-12 22:13:06.816] [INFO] normal - [2017-6-12 22:12:29_1556_13]------------------ DB SUCCESS ------- http://localhost:18080/products/insert
[2017-06-12 22:13:06.835] [INFO] normal - [2017-6-12 22:12:29_1556_13]------------------ DB SUCCESS ------- http://localhost:18080/products/insert
[2017-06-12 22:13:06.836] [INFO] normal - [2017-6-12 22:12:29_1556_13]------------------ DB SUCCESS ------- http://localhost:18080/products/insert
[2017-06-12 22:13:06.836] [INFO] normal - [2017-6-12 22:12:29_1556_13]------------------ DB SUCCESS ------- http://localhost:18080/products/insert
[2017-06-12 22:13:06.877] [INFO] normal - [2017-6-12 22:12:29_1556_13]------------------ DB SUCCESS ------- http://localhost:18080/products/insert
[2017-06-12 22:13:06.991] [INFO] normal - [2017-6-12 22:12:29_1556_13]------------------ DB SUCCESS ------- http://localhost:18080/products/insert
[2017-06-12 22:13:06.992] [INFO] normal - [2017-6-12 22:12:29_1556_13]------------------ DB SUCCESS ------- http://localhost:18080/products/insert
[2017-06-12 22:13:06.993] [INFO] normal - [2017-6-12 22:12:29_1556_13]------------------ DB SUCCESS ------- http://localhost:18080/products/insert
[2017-06-12 22:13:06.993] [INFO] normal - [2017-6-12 22:12:29_1556_13]------------------ DB SUCCESS ------- http://localhost:18080/products/insert
[2017-06-12 22:13:06.994] [INFO] normal - [2017-6-12 22:12:29_1556_13]------------------ DB SUCCESS ------- http://localhost:18080/products/insert
[2017-06-12 22:13:07.016] [INFO] normal - [2017-6-12 22:12:29_1556_13]------------------ DB SUCCESS ------- http://localhost:18080/products/insert
[2017-06-12 22:13:07.017] [INFO] normal - [2017-6-12 22:12:29_1556_13]------------------ DB SUCCESS ------- http://localhost:18080/products/insert
[2017-06-12 22:13:07.017] [INFO] normal - [2017-6-12 22:12:29_1556_13]------------------ DB SUCCESS ------- http://localhost:18080/products/insert
[2017-06-12 22:13:07.018] [INFO] normal - [2017-6-12 22:12:29_1556_13]------------------ DB SUCCESS ------- http://localhost:18080/products/insert
[2017-06-12 22:13:07.018] [INFO] normal - [2017-6-12 22:12:29_1556_13]------------------ DB SUCCESS ------- http://localhost:18080/products/insert
[2017-06-12 22:13:07.019] [INFO] normal - [2017-6-12 22:12:29_1556_13]------------------ DB SUCCESS ------- http://localhost:18080/products/insert
[2017-06-12 22:13:07.019] [INFO] normal - [2017-6-12 22:12:29_1556_13]------------------ DB SUCCESS ------- http://localhost:18080/products/insert
[2017-06-12 22:13:07.020] [INFO] normal - [2017-6-12 22:12:29_1556_13]------------------ DB SUCCESS ------- http://localhost:18080/products/insert
[2017-06-12 22:13:07.020] [INFO] normal - [2017-6-12 22:12:29_1556_13]------------------ DB SUCCESS ------- http://localhost:18080/products/insert
[2017-06-12 22:13:07.021] [INFO] normal - [2017-6-12 22:12:29_1556_13]------------------ DB SUCCESS ------- http://localhost:18080/products/insert
[2017-06-12 22:13:07.021] [INFO] normal - [2017-6-12 22:12:29_1556_13]------------------ DB SUCCESS ------- http://localhost:18080/products/insert
[2017-06-12 22:13:07.021] [INFO] normal - [2017-6-12 22:12:29_1556_13]------------------ DB SUCCESS ------- http://localhost:18080/products/insert
[2017-06-12 22:13:07.022] [INFO] normal - [2017-6-12 22:12:29_1556_13]------------------ DB SUCCESS ------- http://localhost:18080/products/insert
[2017-06-12 22:13:07.022] [INFO] normal - [2017-6-12 22:12:29_1556_13]------------------ DB SUCCESS ------- http://localhost:18080/products/insert
[2017-06-12 22:13:07.023] [INFO] normal - [2017-6-12 22:12:29_1556_13]------------------ DB SUCCESS ------- http://localhost:18080/products/insert
[2017-06-12 22:13:07.023] [INFO] normal - [2017-6-12 22:12:29_1556_13]------------------ DB SUCCESS ------- http://localhost:18080/products/insert
[2017-06-12 22:13:07.030] [INFO] normal - [2017-6-12 22:12:29_1556_13]------------------ DB SUCCESS ------- http://localhost:18080/products/insert
[2017-06-12 22:13:07.030] [INFO] normal - [2017-6-12 22:12:29_1556_13]------------------ DB SUCCESS ------- http://localhost:18080/products/insert
[2017-06-12 22:13:07.031] [INFO] normal - [2017-6-12 22:12:29_1556_13]------------------ DB SUCCESS ------- http://localhost:18080/products/insert
[2017-06-12 22:13:07.031] [INFO] normal - [2017-6-12 22:12:29_1556_13]------------------ DB SUCCESS ------- http://localhost:18080/products/insert
[2017-06-12 22:13:07.032] [INFO] normal - [2017-6-12 22:12:29_1556_13]------------------ DB SUCCESS ------- http://localhost:18080/products/insert
[2017-06-12 22:13:07.032] [INFO] normal - [2017-6-12 22:12:29_1556_13]------------------ DB SUCCESS ------- http://localhost:18080/products/insert
[2017-06-12 22:13:07.033] [INFO] normal - [2017-6-12 22:12:29_1556_13]------------------ DB SUCCESS ------- http://localhost:18080/products/insert
[2017-06-12 22:13:07.034] [INFO] normal - [2017-6-12 22:12:29_1556_13]------------------ DB SUCCESS ------- http://localhost:18080/products/insert
[2017-06-12 22:13:07.034] [INFO] normal - [2017-6-12 22:12:29_1556_13]------------------ DB SUCCESS ------- http://localhost:18080/products/insert
[2017-06-12 22:13:07.035] [INFO] normal - [2017-6-12 22:12:29_1556_13]------------------ DB SUCCESS ------- http://localhost:18080/products/insert
[2017-06-12 22:13:07.035] [INFO] normal - [2017-6-12 22:12:29_1556_13]------------------ DB SUCCESS ------- http://localhost:18080/products/insert
[2017-06-12 22:13:07.036] [INFO] normal - [2017-6-12 22:12:29_1556_13]------------------ DB SUCCESS ------- http://localhost:18080/products/insert
[2017-06-12 22:13:07.036] [INFO] normal - [2017-6-12 22:12:29_1556_13]------------------ DB SUCCESS ------- http://localhost:18080/products/insert
[2017-06-12 22:13:07.037] [INFO] normal - [2017-6-12 22:12:29_1556_13]------------------ DB SUCCESS ------- http://localhost:18080/products/insert
[2017-06-12 22:13:07.037] [INFO] normal - [2017-6-12 22:12:29_1556_13]------------------ DB SUCCESS ------- http://localhost:18080/products/insert
[2017-06-12 22:13:07.038] [INFO] normal - [2017-6-12 22:12:29_1556_13]------------------ DB SUCCESS ------- http://localhost:18080/products/insert
[2017-06-12 22:13:07.038] [INFO] normal - [2017-6-12 22:12:29_1556_13]------------------ DB SUCCESS ------- http://localhost:18080/products/insert
[2017-06-12 22:13:07.059] [INFO] normal - [2017-6-12 22:12:29_1556_13]------------------ DB SUCCESS ------- http://localhost:18080/products/insert
[2017-06-12 22:13:07.059] [INFO] normal - [2017-6-12 22:12:29_1556_13]------------------ DB SUCCESS ------- http://localhost:18080/products/insert
[2017-06-12 22:13:07.060] [INFO] normal - [2017-6-12 22:12:29_1556_13]------------------ DB SUCCESS ------- http://localhost:18080/products/insert
[2017-06-12 22:13:07.061] [INFO] normal - [2017-6-12 22:12:29_1556_13]------------------ DB SUCCESS ------- http://localhost:18080/products/insert
[2017-06-12 22:13:07.062] [INFO] normal - [2017-6-12 22:12:29_1556_13]------------------ DB SUCCESS ------- http://localhost:18080/products/insert
[2017-06-12 22:13:07.063] [INFO] normal - [2017-6-12 22:12:29_1556_13]------------------ DB SUCCESS ------- http://localhost:18080/products/insert
[2017-06-12 22:13:07.063] [INFO] normal - [2017-6-12 22:12:29_1556_13]------------------ DB SUCCESS ------- http://localhost:18080/products/insert
[2017-06-12 22:13:07.064] [INFO] normal - [2017-6-12 22:12:29_1556_13]------------------ DB SUCCESS ------- http://localhost:18080/products/insert
[2017-06-12 22:15:34.536] [INFO] normal - [TASK] set  2017-6-12 22:15:34_5548_16
[2017-06-12 22:15:37.778] [INFO] normal - [TASK] already 2017-6-12 22:15:34_5548
[2017-06-12 22:16:00.019] [INFO] normal - [TASK] start  2017-6-12 22:15:34_5548_16
[2017-06-12 22:16:00.023] [WARN] normal - [2017-6-12 22:15:34_5548_16]=========================== Task START ===========================
[2017-06-12 22:16:00.030] [INFO] normal - [2017-6-12 22:15:34_5548_16]现在的并发数是50，正在抓取的是http://www.yiguo.com/product/62774.html，耗时1毫秒
[2017-06-12 22:16:00.050] [INFO] normal - [2017-6-12 22:15:34_5548_16]现在的并发数是50，正在抓取的是http://www.yiguo.com/product/62770.html，耗时21毫秒
[2017-06-12 22:16:00.126] [INFO] normal - [2017-6-12 22:15:34_5548_16]现在的并发数是50，正在抓取的是http://www.yiguo.com/product/62781.html，耗时96毫秒
[2017-06-12 22:16:00.216] [INFO] normal - [2017-6-12 22:15:34_5548_16]------- DB NONE ------- 6
[2017-06-12 22:16:00.269] [INFO] normal - [2017-6-12 22:15:34_5548_16]------- DB NONE ------- 6
[2017-06-12 22:16:00.269] [INFO] normal - [2017-6-12 22:15:34_5548_16]现在的并发数是50，正在抓取的是http://www.yiguo.com/product/62801.html，耗时128毫秒
[2017-06-12 22:16:00.272] [INFO] normal - [2017-6-12 22:15:34_5548_16]现在的并发数是50，正在抓取的是http://www.yiguo.com/product/62763.html，耗时146毫秒
[2017-06-12 22:16:00.274] [INFO] normal - [2017-6-12 22:15:34_5548_16]现在的并发数是50，正在抓取的是http://www.yiguo.com/product/62771.html，耗时158毫秒
[2017-06-12 22:16:00.275] [INFO] normal - [2017-6-12 22:15:34_5548_16]现在的并发数是50，正在抓取的是http://www.yiguo.com/product/62778.html，耗时160毫秒
[2017-06-12 22:16:00.276] [INFO] normal - [2017-6-12 22:15:34_5548_16]现在的并发数是50，正在抓取的是http://www.yiguo.com/product/62760.html，耗时185毫秒
[2017-06-12 22:16:00.277] [INFO] normal - [2017-6-12 22:15:34_5548_16]现在的并发数是50，正在抓取的是http://www.yiguo.com/product/62807.html，耗时169毫秒
[2017-06-12 22:16:00.280] [INFO] normal - [2017-6-12 22:15:34_5548_16]现在的并发数是50，正在抓取的是http://www.yiguo.com/product/62799.html，耗时192毫秒
[2017-06-12 22:16:00.282] [INFO] normal - [2017-6-12 22:15:34_5548_16]现在的并发数是50，正在抓取的是http://www.yiguo.com/product/62788.html，耗时222毫秒
[2017-06-12 22:16:00.283] [INFO] normal - [2017-6-12 22:15:34_5548_16]现在的并发数是50，正在抓取的是http://www.yiguo.com/product/62791.html，耗时246毫秒
[2017-06-12 22:16:00.283] [INFO] normal - [2017-6-12 22:15:34_5548_16]现在的并发数是50，正在抓取的是http://www.yiguo.com/product/62811.html，耗时5毫秒
[2017-06-12 22:16:00.284] [INFO] normal - [2017-6-12 22:15:34_5548_16]现在的并发数是50，正在抓取的是http://www.yiguo.com/product/62776.html，耗时251毫秒
[2017-06-12 22:16:00.289] [INFO] normal - [2017-6-12 22:15:34_5548_16]现在的并发数是50，正在抓取的是http://www.yiguo.com/product/62766.html，耗时260毫秒
[2017-06-12 22:16:00.347] [INFO] normal - [2017-6-12 22:15:34_5548_16]------- DB NONE ------- 6
[2017-06-12 22:16:00.379] [INFO] normal - [2017-6-12 22:15:34_5548_16]现在的并发数是50，正在抓取的是http://www.yiguo.com/product/62787.html，耗时350毫秒
[2017-06-12 22:16:00.384] [INFO] normal - [2017-6-12 22:15:34_5548_16]现在的并发数是50，正在抓取的是http://www.yiguo.com/product/62772.html，耗时355毫秒
[2017-06-12 22:16:00.408] [INFO] normal - [2017-6-12 22:15:34_5548_16]现在的并发数是50，正在抓取的是http://www.yiguo.com/product/62817.html，耗时125毫秒
[2017-06-12 22:16:00.410] [INFO] normal - [2017-6-12 22:15:34_5548_16]现在的并发数是50，正在抓取的是http://www.yiguo.com/product/62818.html，耗时126毫秒
[2017-06-12 22:16:00.472] [INFO] normal - [2017-6-12 22:15:34_5548_16]------- DB NONE ------- 6
[2017-06-12 22:16:00.517] [INFO] normal - [2017-6-12 22:15:34_5548_16]------- DB NONE ------- 6
[2017-06-12 22:16:00.534] [INFO] normal - [2017-6-12 22:15:34_5548_16]------- DB NONE ------- 6
[2017-06-12 22:16:00.535] [INFO] normal - [2017-6-12 22:15:34_5548_16]现在的并发数是50，正在抓取的是http://www.yiguo.com/product/62775.html，耗时386毫秒
[2017-06-12 22:16:00.536] [INFO] normal - [2017-6-12 22:15:34_5548_16]现在的并发数是50，正在抓取的是http://www.yiguo.com/product/62803.html，耗时389毫秒
[2017-06-12 22:16:00.537] [INFO] normal - [2017-6-12 22:15:34_5548_16]现在的并发数是50，正在抓取的是http://www.yiguo.com/product/62785.html，耗时398毫秒
[2017-06-12 22:16:00.537] [INFO] normal - [2017-6-12 22:15:34_5548_16]现在的并发数是50，正在抓取的是http://www.yiguo.com/product/62767.html，耗时400毫秒
[2017-06-12 22:16:00.539] [INFO] normal - [2017-6-12 22:15:34_5548_16]现在的并发数是50，正在抓取的是http://www.yiguo.com/product/62804.html，耗时424毫秒
[2017-06-12 22:16:00.542] [INFO] normal - [2017-6-12 22:15:34_5548_16]现在的并发数是50，正在抓取的是http://www.yiguo.com/product/62796.html，耗时440毫秒
[2017-06-12 22:16:00.560] [INFO] normal - [2017-6-12 22:15:34_5548_16]------- DB NONE ------- 6
[2017-06-12 22:16:00.579] [INFO] normal - [2017-6-12 22:15:34_5548_16]------- DB NONE ------- 6
[2017-06-12 22:16:00.588] [INFO] normal - [2017-6-12 22:15:34_5548_16]现在的并发数是50，正在抓取的是http://www.yiguo.com/product/62777.html，耗时543毫秒
[2017-06-12 22:16:00.589] [INFO] normal - [2017-6-12 22:15:34_5548_16]现在的并发数是50，正在抓取的是http://www.yiguo.com/product/62813.html，耗时295毫秒
[2017-06-12 22:16:00.590] [INFO] normal - [2017-6-12 22:15:34_5548_16]现在的并发数是50，正在抓取的是http://www.yiguo.com/product/62816.html，耗时291毫秒
[2017-06-12 22:16:00.591] [INFO] normal - [2017-6-12 22:15:34_5548_16]现在的并发数是50，正在抓取的是http://www.yiguo.com/product/62798.html，耗时561毫秒
[2017-06-12 22:16:00.596] [INFO] normal - [2017-6-12 22:15:34_5548_16]现在的并发数是50，正在抓取的是http://www.yiguo.com/product/62773.html，耗时566毫秒
[2017-06-12 22:16:00.610] [INFO] normal - [2017-6-12 22:15:34_5548_16]------- DB NONE ------- 6
[2017-06-12 22:16:00.613] [INFO] normal - [2017-6-12 22:15:34_5548_16]现在的并发数是50，正在抓取的是http://www.yiguo.com/product/62802.html，耗时577毫秒
[2017-06-12 22:16:00.635] [INFO] normal - [2017-6-12 22:15:34_5548_16]------- DB NONE ------- 6
[2017-06-12 22:16:00.650] [INFO] normal - [2017-6-12 22:15:34_5548_16]------- DB NONE ------- 6
[2017-06-12 22:16:00.665] [INFO] normal - [2017-6-12 22:15:34_5548_16]------- DB NONE ------- 6
[2017-06-12 22:16:00.680] [INFO] normal - [2017-6-12 22:15:34_5548_16]------- DB NONE ------- 6
[2017-06-12 22:16:00.688] [INFO] normal - [2017-6-12 22:15:34_5548_16]------- DB NONE ------- 6
[2017-06-12 22:16:00.688] [INFO] normal - [2017-6-12 22:15:34_5548_16]现在的并发数是50，正在抓取的是http://www.yiguo.com/product/62759.html，耗时588毫秒
[2017-06-12 22:16:00.690] [INFO] normal - [2017-6-12 22:15:34_5548_16]现在的并发数是50，正在抓取的是http://www.yiguo.com/product/62832.html，耗时31毫秒
[2017-06-12 22:16:00.691] [INFO] normal - [2017-6-12 22:15:34_5548_16]现在的并发数是50，正在抓取的是http://www.yiguo.com/product/62768.html，耗时598毫秒
[2017-06-12 22:16:00.692] [INFO] normal - [2017-6-12 22:15:34_5548_16]现在的并发数是50，正在抓取的是http://www.yiguo.com/product/62780.html，耗时623毫秒
[2017-06-12 22:16:00.693] [INFO] normal - [2017-6-12 22:15:34_5548_16]现在的并发数是50，正在抓取的是http://www.yiguo.com/product/62783.html，耗时635毫秒
[2017-06-12 22:16:00.694] [INFO] normal - [2017-6-12 22:15:34_5548_16]现在的并发数是50，正在抓取的是http://www.yiguo.com/product/62808.html，耗时538毫秒
[2017-06-12 22:16:00.695] [INFO] normal - [2017-6-12 22:15:34_5548_16]现在的并发数是50，正在抓取的是http://www.yiguo.com/product/62786.html，耗时643毫秒
[2017-06-12 22:16:00.697] [INFO] normal - [2017-6-12 22:15:34_5548_16]现在的并发数是50，正在抓取的是http://www.yiguo.com/product/62764.html，耗时644毫秒
[2017-06-12 22:16:00.698] [INFO] normal - [2017-6-12 22:15:34_5548_16]现在的并发数是50，正在抓取的是http://www.yiguo.com/product/62782.html，耗时645毫秒
[2017-06-12 22:16:00.714] [INFO] normal - [2017-6-12 22:15:34_5548_16]现在的并发数是50，正在抓取的是http://www.yiguo.com/product/62842.html，耗时13毫秒
[2017-06-12 22:16:00.732] [INFO] normal - [2017-6-12 22:15:34_5548_16]现在的并发数是50，正在抓取的是http://www.yiguo.com/product/62797.html，耗时696毫秒
[2017-06-12 22:16:00.733] [INFO] normal - [2017-6-12 22:15:34_5548_16]现在的并发数是50，正在抓取的是http://www.yiguo.com/product/62835.html，耗时133毫秒
[2017-06-12 22:16:00.746] [INFO] normal - [2017-6-12 22:15:34_5548_16]------- DB NONE ------- 6
[2017-06-12 22:16:00.754] [INFO] normal - [2017-6-12 22:15:34_5548_16]------- DB NONE ------- 6
[2017-06-12 22:16:00.765] [INFO] normal - [2017-6-12 22:15:34_5548_16]------- DB NONE ------- 6
[2017-06-12 22:16:00.773] [INFO] normal - [2017-6-12 22:15:34_5548_16]------- DB NONE ------- 6
[2017-06-12 22:16:00.798] [INFO] normal - [2017-6-12 22:15:34_5548_16]------- DB NONE ------- 6
[2017-06-12 22:16:00.812] [INFO] normal - [2017-6-12 22:15:34_5548_16]------- DB NONE ------- 6
[2017-06-12 22:16:00.827] [INFO] normal - [2017-6-12 22:15:34_5548_16]------- DB NONE ------- 6
[2017-06-12 22:16:00.827] [INFO] normal - [2017-6-12 22:15:34_5548_16]现在的并发数是50，正在抓取的是http://www.yiguo.com/product/62790.html，耗时712毫秒
[2017-06-12 22:16:00.829] [INFO] normal - [2017-6-12 22:15:34_5548_16]现在的并发数是50，正在抓取的是http://www.yiguo.com/product/62779.html，耗时715毫秒
[2017-06-12 22:16:00.830] [INFO] normal - [2017-6-12 22:15:34_5548_16]现在的并发数是50，正在抓取的是http://www.yiguo.com/product/62784.html，耗时719毫秒
[2017-06-12 22:16:00.830] [INFO] normal - [2017-6-12 22:15:34_5548_16]现在的并发数是50，正在抓取的是http://www.yiguo.com/product/62757.html，耗时722毫秒
[2017-06-12 22:16:00.831] [INFO] normal - [2017-6-12 22:15:34_5548_16]现在的并发数是50，正在抓取的是http://www.yiguo.com/product/62814.html，耗时473毫秒
[2017-06-12 22:16:00.832] [INFO] normal - [2017-6-12 22:15:34_5548_16]现在的并发数是50，正在抓取的是http://www.yiguo.com/product/62795.html，耗时745毫秒
[2017-06-12 22:16:00.832] [INFO] normal - [2017-6-12 22:15:34_5548_16]现在的并发数是50，正在抓取的是http://www.yiguo.com/product/62792.html，耗时755毫秒
[2017-06-12 22:16:00.833] [INFO] normal - [2017-6-12 22:15:34_5548_16]现在的并发数是50，正在抓取的是http://www.yiguo.com/product/62823.html，耗时377毫秒
[2017-06-12 22:16:00.835] [INFO] normal - [2017-6-12 22:15:34_5548_16]现在的并发数是49，正在抓取的是http://www.yiguo.com/product/62825.html，耗时272毫秒
[2017-06-12 22:16:00.837] [INFO] normal - [2017-6-12 22:15:34_5548_16]现在的并发数是48，正在抓取的是http://www.yiguo.com/product/62815.html，耗时555毫秒
[2017-06-12 22:16:00.858] [INFO] normal - [2017-6-12 22:15:34_5548_16]现在的并发数是47，正在抓取的是http://www.yiguo.com/product/62805.html，耗时822毫秒
[2017-06-12 22:16:00.859] [INFO] normal - [2017-6-12 22:15:34_5548_16]现在的并发数是46，正在抓取的是http://www.yiguo.com/product/62789.html，耗时825毫秒
[2017-06-12 22:16:00.864] [INFO] normal - [2017-6-12 22:15:34_5548_16]现在的并发数是45，正在抓取的是http://www.yiguo.com/product/62830.html，耗时321毫秒
[2017-06-12 22:16:00.897] [INFO] normal - [2017-6-12 22:15:34_5548_16]------- DB NONE ------- 6
[2017-06-12 22:16:00.914] [INFO] normal - [2017-6-12 22:15:34_5548_16]------- DB NONE ------- 6
[2017-06-12 22:16:00.933] [INFO] normal - [2017-6-12 22:15:34_5548_16]------- DB NONE ------- 6
[2017-06-12 22:16:00.947] [INFO] normal - [2017-6-12 22:15:34_5548_16]------- DB NONE ------- 6
[2017-06-12 22:16:00.975] [INFO] normal - [2017-6-12 22:15:34_5548_16]------- DB NONE ------- 6
[2017-06-12 22:16:00.982] [INFO] normal - [2017-6-12 22:15:34_5548_16]------- DB NONE ------- 6
[2017-06-12 22:16:00.988] [INFO] normal - [2017-6-12 22:15:34_5548_16]------- DB NONE ------- 6
[2017-06-12 22:16:00.996] [INFO] normal - [2017-6-12 22:15:34_5548_16]------- DB NONE ------- 6
[2017-06-12 22:16:01.005] [INFO] normal - [2017-6-12 22:15:34_5548_16]------- DB NONE ------- 6
[2017-06-12 22:16:01.013] [INFO] normal - [2017-6-12 22:15:34_5548_16]------- DB NONE ------- 6
[2017-06-12 22:16:01.020] [INFO] normal - [2017-6-12 22:15:34_5548_16]------- DB NONE ------- 6
[2017-06-12 22:16:01.034] [INFO] normal - [2017-6-12 22:15:34_5548_16]------- DB NONE ------- 6
[2017-06-12 22:16:01.035] [INFO] normal - [2017-6-12 22:15:34_5548_16]现在的并发数是44，正在抓取的是http://www.yiguo.com/product/62769.html，耗时841毫秒
[2017-06-12 22:16:01.036] [INFO] normal - [2017-6-12 22:15:34_5548_16]现在的并发数是43，正在抓取的是http://www.yiguo.com/product/62841.html，耗时184毫秒
[2017-06-12 22:16:01.036] [INFO] normal - [2017-6-12 22:15:34_5548_16]现在的并发数是42，正在抓取的是http://www.yiguo.com/product/62847.html，耗时184毫秒
[2017-06-12 22:16:01.037] [INFO] normal - [2017-6-12 22:15:34_5548_16]现在的并发数是41，正在抓取的是http://www.yiguo.com/product/62762.html，耗时853毫秒
[2017-06-12 22:16:01.038] [INFO] normal - [2017-6-12 22:15:34_5548_16]现在的并发数是40，正在抓取的是http://www.yiguo.com/product/62794.html，耗时856毫秒
[2017-06-12 22:16:01.038] [INFO] normal - [2017-6-12 22:15:34_5548_16]现在的并发数是39，正在抓取的是http://www.yiguo.com/product/62843.html，耗时192毫秒
[2017-06-12 22:16:01.040] [INFO] normal - [2017-6-12 22:15:34_5548_16]现在的并发数是38，正在抓取的是http://www.yiguo.com/product/62761.html，耗时870毫秒
[2017-06-12 22:16:01.041] [INFO] normal - [2017-6-12 22:15:34_5548_16]现在的并发数是37，正在抓取的是http://www.yiguo.com/product/62853.html，耗时73毫秒
[2017-06-12 22:16:01.044] [INFO] normal - [2017-6-12 22:15:34_5548_16]现在的并发数是36，正在抓取的是http://www.yiguo.com/product/62806.html，耗时869毫秒
[2017-06-12 22:16:01.048] [INFO] normal - [2017-6-12 22:15:34_5548_16]现在的并发数是35，正在抓取的是http://www.yiguo.com/product/62758.html，耗时894毫秒
[2017-06-12 22:16:01.050] [INFO] normal - [2017-6-12 22:15:34_5548_16]现在的并发数是34，正在抓取的是http://www.yiguo.com/product/62819.html，耗时642毫秒
[2017-06-12 22:16:01.054] [INFO] normal - [2017-6-12 22:15:34_5548_16]现在的并发数是33，正在抓取的是http://www.yiguo.com/product/62810.html，耗时669毫秒
[2017-06-12 22:16:01.054] [INFO] normal - [2017-6-12 22:15:34_5548_16]现在的并发数是32，正在抓取的是http://www.yiguo.com/product/62765.html，耗时936毫秒
[2017-06-12 22:16:01.055] [INFO] normal - [2017-6-12 22:15:34_5548_16]现在的并发数是31，正在抓取的是http://www.yiguo.com/product/62812.html，耗时690毫秒
[2017-06-12 22:16:01.057] [INFO] normal - [2017-6-12 22:15:34_5548_16]现在的并发数是30，正在抓取的是http://www.yiguo.com/product/62821.html，耗时591毫秒
[2017-06-12 22:16:01.057] [INFO] normal - [2017-6-12 22:15:34_5548_16]现在的并发数是29，正在抓取的是http://www.yiguo.com/product/62793.html，耗时948毫秒
[2017-06-12 22:16:01.058] [INFO] normal - [2017-6-12 22:15:34_5548_16]现在的并发数是28，正在抓取的是http://www.yiguo.com/product/62756.html，耗时958毫秒
[2017-06-12 22:16:01.059] [INFO] normal - [2017-6-12 22:15:34_5548_16]现在的并发数是27，正在抓取的是http://www.yiguo.com/product/62800.html，耗时969毫秒
[2017-06-12 22:16:01.060] [INFO] normal - [2017-6-12 22:15:34_5548_16]现在的并发数是26，正在抓取的是http://www.yiguo.com/product/62831.html，耗时457毫秒
[2017-06-12 22:16:01.060] [INFO] normal - [2017-6-12 22:15:34_5548_16]现在的并发数是25，正在抓取的是http://www.yiguo.com/product/62834.html，耗时456毫秒
[2017-06-12 22:16:01.082] [INFO] normal - [2017-6-12 22:15:34_5548_16]现在的并发数是24，正在抓取的是http://www.yiguo.com/product/62836.html，耗时450毫秒
[2017-06-12 22:16:01.083] [INFO] normal - [2017-6-12 22:15:34_5548_16]现在的并发数是23，正在抓取的是http://www.yiguo.com/product/62851.html，耗时235毫秒
[2017-06-12 22:16:01.107] [INFO] normal - [2017-6-12 22:15:34_5548_16]------- DB NONE ------- 6
[2017-06-12 22:16:01.116] [INFO] normal - [2017-6-12 22:15:34_5548_16]------- DB NONE ------- 6
[2017-06-12 22:16:01.147] [INFO] normal - [2017-6-12 22:15:34_5548_16]------- DB NONE ------- 6
[2017-06-12 22:16:01.156] [INFO] normal - [2017-6-12 22:15:34_5548_16]------- DB NONE ------- 6
[2017-06-12 22:16:01.163] [INFO] normal - [2017-6-12 22:15:34_5548_16]------- DB NONE ------- 6
[2017-06-12 22:16:01.171] [INFO] normal - [2017-6-12 22:15:34_5548_16]------- DB NONE ------- 6
[2017-06-12 22:16:01.180] [INFO] normal - [2017-6-12 22:15:34_5548_16]------- DB NONE ------- 6
[2017-06-12 22:16:01.186] [INFO] normal - [2017-6-12 22:15:34_5548_16]------- DB NONE ------- 6
[2017-06-12 22:16:01.194] [INFO] normal - [2017-6-12 22:15:34_5548_16]------- DB NONE ------- 6
[2017-06-12 22:16:01.227] [INFO] normal - [2017-6-12 22:15:34_5548_16]------- DB NONE ------- 6
[2017-06-12 22:16:01.227] [INFO] normal - [2017-6-12 22:15:34_5548_16]现在的并发数是22，正在抓取的是http://www.yiguo.com/product/62838.html，耗时416毫秒
[2017-06-12 22:16:01.228] [INFO] normal - [2017-6-12 22:15:34_5548_16]现在的并发数是21，正在抓取的是http://www.yiguo.com/product/62824.html，耗时704毫秒
[2017-06-12 22:16:01.228] [INFO] normal - [2017-6-12 22:15:34_5548_16]现在的并发数是20，正在抓取的是http://www.yiguo.com/product/62829.html，耗时636毫秒
[2017-06-12 22:16:01.230] [INFO] normal - [2017-6-12 22:15:34_5548_16]现在的并发数是19，正在抓取的是http://www.yiguo.com/product/62809.html，耗时917毫秒
[2017-06-12 22:16:01.231] [INFO] normal - [2017-6-12 22:15:34_5548_16]现在的并发数是18，正在抓取的是http://www.yiguo.com/product/62854.html，耗时357毫秒
[2017-06-12 22:16:01.231] [INFO] normal - [2017-6-12 22:15:34_5548_16]现在的并发数是17，正在抓取的是http://www.yiguo.com/product/62820.html，耗时914毫秒
[2017-06-12 22:16:01.234] [INFO] normal - [2017-6-12 22:15:34_5548_16]现在的并发数是16，正在抓取的是http://www.yiguo.com/product/62837.html，耗时517毫秒
[2017-06-12 22:16:01.277] [INFO] normal - [2017-6-12 22:15:34_5548_16]------- DB NONE ------- 6
[2017-06-12 22:16:01.283] [INFO] normal - [2017-6-12 22:15:34_5548_16]------- DB NONE ------- 6
[2017-06-12 22:16:01.290] [INFO] normal - [2017-6-12 22:15:34_5548_16]------- DB NONE ------- 6
[2017-06-12 22:16:01.300] [INFO] normal - [2017-6-12 22:15:34_5548_16]------- DB NONE ------- 6
[2017-06-12 22:16:01.306] [INFO] normal - [2017-6-12 22:15:34_5548_16]------- DB NONE ------- 6
[2017-06-12 22:16:01.312] [INFO] normal - [2017-6-12 22:15:34_5548_16]------- DB NONE ------- 6
[2017-06-12 22:16:01.320] [INFO] normal - [2017-6-12 22:15:34_5548_16]------- DB NONE ------- 6
[2017-06-12 22:16:01.352] [INFO] normal - [2017-6-12 22:15:34_5548_16]------- DB NONE ------- 6
[2017-06-12 22:16:01.360] [INFO] normal - [2017-6-12 22:15:34_5548_16]------- DB NONE ------- 6
[2017-06-12 22:16:01.369] [INFO] normal - [2017-6-12 22:15:34_5548_16]------- DB NONE ------- 6
[2017-06-12 22:16:01.375] [INFO] normal - [2017-6-12 22:15:34_5548_16]------- DB NONE ------- 6
[2017-06-12 22:16:01.384] [INFO] normal - [2017-6-12 22:15:34_5548_16]------- DB NONE ------- 6
[2017-06-12 22:16:01.391] [INFO] normal - [2017-6-12 22:15:34_5548_16]------- DB NONE ------- 6
[2017-06-12 22:16:01.397] [INFO] normal - [2017-6-12 22:15:34_5548_16]------- DB NONE ------- 6
[2017-06-12 22:16:01.403] [INFO] normal - [2017-6-12 22:15:34_5548_16]------- DB NONE ------- 6
[2017-06-12 22:16:01.436] [INFO] normal - [2017-6-12 22:15:34_5548_16]------- DB NONE ------- 6
[2017-06-12 22:16:01.442] [INFO] normal - [2017-6-12 22:15:34_5548_16]------- DB NONE ------- 6
[2017-06-12 22:16:01.449] [INFO] normal - [2017-6-12 22:15:34_5548_16]------- DB NONE ------- 6
[2017-06-12 22:16:01.449] [INFO] normal - [2017-6-12 22:15:34_5548_16]现在的并发数是15，正在抓取的是http://www.yiguo.com/product/62840.html，耗时590毫秒
[2017-06-12 22:16:01.450] [INFO] normal - [2017-6-12 22:15:34_5548_16]现在的并发数是14，正在抓取的是http://www.yiguo.com/product/62848.html，耗时565毫秒
[2017-06-12 22:16:01.450] [INFO] normal - [2017-6-12 22:15:34_5548_16]现在的并发数是13，正在抓取的是http://www.yiguo.com/product/62826.html，耗时791毫秒
[2017-06-12 22:16:01.451] [INFO] normal - [2017-6-12 22:15:34_5548_16]现在的并发数是12，正在抓取的是http://www.yiguo.com/product/62827.html，耗时794毫秒
[2017-06-12 22:16:01.452] [INFO] normal - [2017-6-12 22:15:34_5548_16]现在的并发数是11，正在抓取的是http://www.yiguo.com/product/62828.html，耗时819毫秒
[2017-06-12 22:16:01.452] [INFO] normal - [2017-6-12 22:15:34_5548_16]现在的并发数是10，正在抓取的是http://www.yiguo.com/product/62822.html，耗时983毫秒
[2017-06-12 22:16:01.453] [INFO] normal - [2017-6-12 22:15:34_5548_16]现在的并发数是9，正在抓取的是http://www.yiguo.com/product/62846.html，耗时658毫秒
[2017-06-12 22:16:01.453] [INFO] normal - [2017-6-12 22:15:34_5548_16]现在的并发数是8，正在抓取的是http://www.yiguo.com/product/62850.html，耗时594毫秒
[2017-06-12 22:16:01.454] [INFO] normal - [2017-6-12 22:15:34_5548_16]现在的并发数是7，正在抓取的是http://www.yiguo.com/product/62845.html，耗时744毫秒
[2017-06-12 22:16:01.574] [INFO] normal - [2017-6-12 22:15:34_5548_16]现在的并发数是6，正在抓取的是http://www.yiguo.com/product/62849.html，耗时673毫秒
[2017-06-12 22:16:01.575] [INFO] normal - [2017-6-12 22:15:34_5548_16]现在的并发数是5，正在抓取的是http://www.yiguo.com/product/62839.html，耗时848毫秒
[2017-06-12 22:16:01.575] [INFO] normal - [2017-6-12 22:15:34_5548_16]现在的并发数是4，正在抓取的是http://www.yiguo.com/product/62833.html，耗时981毫秒
[2017-06-12 22:16:01.596] [INFO] normal - [2017-6-12 22:15:34_5548_16]------- DB NONE ------- 6
[2017-06-12 22:16:01.611] [INFO] normal - [2017-6-12 22:15:34_5548_16]------- DB NONE ------- 6
[2017-06-12 22:16:01.617] [INFO] normal - [2017-6-12 22:15:34_5548_16]------- DB NONE ------- 6
[2017-06-12 22:16:01.626] [INFO] normal - [2017-6-12 22:15:34_5548_16]------- DB NONE ------- 6
[2017-06-12 22:16:01.632] [INFO] normal - [2017-6-12 22:15:34_5548_16]------- DB NONE ------- 6
[2017-06-12 22:16:01.640] [INFO] normal - [2017-6-12 22:15:34_5548_16]------- DB NONE ------- 6
[2017-06-12 22:16:01.646] [INFO] normal - [2017-6-12 22:15:34_5548_16]------- DB NONE ------- 6
[2017-06-12 22:16:01.679] [INFO] normal - [2017-6-12 22:15:34_5548_16]------- DB NONE ------- 6
[2017-06-12 22:16:01.686] [INFO] normal - [2017-6-12 22:15:34_5548_16]------- DB NONE ------- 6
[2017-06-12 22:16:01.714] [INFO] normal - [2017-6-12 22:15:34_5548_16]现在的并发数是3，正在抓取的是http://www.yiguo.com/product/62844.html，耗时929毫秒
[2017-06-12 22:16:01.715] [INFO] normal - [2017-6-12 22:15:34_5548_16]现在的并发数是2，正在抓取的是http://www.yiguo.com/product/62855.html，耗时818毫秒
[2017-06-12 22:16:01.758] [INFO] normal - [2017-6-12 22:15:34_5548_16]------------------ DB SUCCESS ------- 6
[2017-06-12 22:16:01.783] [INFO] normal - [2017-6-12 22:15:34_5548_16]------- DB NONE ------- 6
[2017-06-12 22:16:01.819] [INFO] normal - [2017-6-12 22:15:34_5548_16]------- DB NONE ------- 6
[2017-06-12 22:16:01.827] [INFO] normal - [2017-6-12 22:15:34_5548_16]------- DB NONE ------- 6
[2017-06-12 22:16:01.835] [INFO] normal - [2017-6-12 22:15:34_5548_16]------- DB NONE ------- 6
[2017-06-12 22:16:01.842] [INFO] normal - [2017-6-12 22:15:34_5548_16]------- DB NONE ------- 6
[2017-06-12 22:16:01.848] [INFO] normal - [2017-6-12 22:15:34_5548_16]------- DB NONE ------- 6
[2017-06-12 22:16:01.854] [INFO] normal - [2017-6-12 22:15:34_5548_16]------- DB NONE ------- 6
[2017-06-12 22:16:01.861] [INFO] normal - [2017-6-12 22:15:34_5548_16]------- DB NONE ------- 6
[2017-06-12 22:16:01.867] [INFO] normal - [2017-6-12 22:15:34_5548_16]------- DB NONE ------- 6
[2017-06-12 22:16:01.868] [INFO] normal - [2017-6-12 22:15:34_5548_16]------------------ DB SUCCESS ------- 6
[2017-06-12 22:16:01.869] [INFO] normal - [2017-6-12 22:15:34_5548_16]------------------ DB SUCCESS ------- 6
[2017-06-12 22:16:01.869] [INFO] normal - [2017-6-12 22:15:34_5548_16]现在的并发数是1，正在抓取的是http://www.yiguo.com/product/62852.html，耗时950毫秒
[2017-06-12 22:16:01.947] [INFO] normal - [2017-6-12 22:15:34_5548_16]------------------ DB SUCCESS ------- 6
[2017-06-12 22:16:01.957] [INFO] normal - [2017-6-12 22:15:34_5548_16]------- DB NONE ------- 6
[2017-06-12 22:16:01.963] [INFO] normal - [2017-6-12 22:15:34_5548_16]------- DB NONE ------- 6
[2017-06-12 22:16:01.971] [INFO] normal - [2017-6-12 22:15:34_5548_16]------- DB NONE ------- 6
[2017-06-12 22:16:01.978] [INFO] normal - [2017-6-12 22:15:34_5548_16]------- DB NONE ------- 6
[2017-06-12 22:16:02.010] [INFO] normal - [2017-6-12 22:15:34_5548_16]------- DB NONE ------- 6
[2017-06-12 22:16:02.016] [INFO] normal - [2017-6-12 22:15:34_5548_16]------- DB NONE ------- 6
[2017-06-12 22:16:02.047] [INFO] normal - [2017-6-12 22:15:34_5548_16]------------------ DB SUCCESS ------- 6
[2017-06-12 22:16:02.120] [INFO] normal - [2017-6-12 22:15:34_5548_16]------------------ DB SUCCESS ------- 6
[2017-06-12 22:16:02.150] [INFO] normal - [2017-6-12 22:15:34_5548_16]------------------ DB SUCCESS ------- 6
[2017-06-12 22:16:02.177] [INFO] normal - [2017-6-12 22:15:34_5548_16]------- DB NONE ------- 6
[2017-06-12 22:16:02.191] [INFO] normal - [2017-6-12 22:15:34_5548_16]------------------ DB SUCCESS ------- 6
[2017-06-12 22:16:02.192] [INFO] normal - [2017-6-12 22:15:34_5548_16]------------------ DB SUCCESS ------- 6
[2017-06-12 22:16:02.201] [INFO] normal - [2017-6-12 22:15:34_5548_16]------------------ DB SUCCESS ------- 6
[2017-06-12 22:16:02.202] [INFO] normal - [2017-6-12 22:15:34_5548_16]------------------ DB SUCCESS ------- 6
[2017-06-12 22:16:02.202] [INFO] normal - [2017-6-12 22:15:34_5548_16]------------------ DB SUCCESS ------- 6
[2017-06-12 22:16:02.204] [INFO] normal - [2017-6-12 22:15:34_5548_16]------------------ DB SUCCESS ------- 6
[2017-06-12 22:16:02.830] [WARN] normal - [2017-6-12 22:15:34_5548_16]=========================== TASK END ===========================
[2017-06-12 22:16:02.830] [WARN] normal - [2017-6-12 22:15:34_5548_16]本次爬虫结果总共100条  耗时=[2]秒
[2017-06-12 22:16:02.836] [INFO] normal - [2017-6-12 22:15:34_5548_16]------------------ DB SUCCESS ------- 6
[2017-06-12 22:22:22.306] [WARN] normal - conditions { skip: 0, limit: 10 } {}
[2017-06-12 22:22:24.180] [WARN] normal - conditions { skip: 0, limit: 10 } {}
[2017-06-12 22:22:26.103] [WARN] normal - conditions { skip: 0, limit: 10 } {}
[2017-06-12 22:22:26.493] [WARN] normal - conditions { skip: 0, limit: 10 } {}
[2017-06-12 22:23:28.384] [WARN] normal - conditions { skip: 0, limit: 10 } {}
[2017-06-12 22:23:28.946] [WARN] normal - conditions { skip: 0, limit: 10 } {}
[2017-06-12 22:23:29.200] [WARN] normal - conditions { skip: 0, limit: 10 } {}
[2017-06-12 22:25:13.268] [WARN] normal - conditions { skip: 0, limit: 10 } {}
[2017-06-12 22:26:36.303] [WARN] normal - conditions { skip: 0, limit: 10 } {}
[2017-06-12 22:27:13.622] [WARN] normal - conditions { skip: 0, limit: 10 } {}
[2017-06-12 22:27:34.865] [WARN] normal - conditions { skip: 0, limit: 10 } {}
[2017-06-12 22:28:36.650] [WARN] normal - conditions { skip: 0, limit: 10 } {}
[2017-06-12 22:28:51.240] [WARN] normal - conditions { skip: 0, limit: 10 } {}
[2017-06-12 22:30:17.644] [WARN] normal - conditions { skip: 0, limit: 10 } {}
[2017-06-12 22:30:18.218] [WARN] normal - conditions { skip: 0, limit: 10 } {}
[2017-06-12 22:30:19.090] [WARN] normal - conditions { skip: 0, limit: 10 } {}
[2017-06-12 22:30:19.855] [WARN] normal - conditions { skip: 0, limit: 10 } {}
[2017-06-12 22:30:33.736] [WARN] normal - conditions { skip: 0, limit: 3 } {}
[2017-06-12 22:30:34.585] [WARN] normal - conditions { skip: 0, limit: 3 } {}
[2017-06-12 22:32:15.488] [WARN] normal - conditions { skip: 0, limit: 3 } {}
[2017-06-12 22:32:16.139] [WARN] normal - conditions { skip: 0, limit: 3 } {}
[2017-06-12 22:32:16.369] [WARN] normal - conditions { skip: 0, limit: 3 } {}
[2017-06-12 22:32:16.560] [WARN] normal - conditions { skip: 0, limit: 3 } {}
[2017-06-12 22:32:16.729] [WARN] normal - conditions { skip: 0, limit: 3 } {}
[2017-06-12 22:32:16.913] [WARN] normal - conditions { skip: 0, limit: 3 } {}
[2017-06-12 22:32:17.162] [WARN] normal - conditions { skip: 0, limit: 3 } {}
[2017-06-12 22:32:17.387] [WARN] normal - conditions { skip: 0, limit: 3 } {}
[2017-06-12 22:32:17.602] [WARN] normal - conditions { skip: 0, limit: 3 } {}
[2017-06-12 22:32:32.029] [WARN] normal - conditions { skip: 0, limit: 3 } {}
[2017-06-12 22:33:35.267] [WARN] normal - conditions { skip: 0, limit: 3 } {}
[2017-06-12 22:33:41.111] [WARN] normal - conditions { skip: 0, limit: 3 } {}
[2017-06-12 22:33:41.738] [WARN] normal - conditions { skip: 0, limit: 3 } {}
[2017-06-12 22:33:41.987] [WARN] normal - conditions { skip: 0, limit: 3 } {}
[2017-06-12 22:33:42.224] [WARN] normal - conditions { skip: 0, limit: 3 } {}
[2017-06-12 22:33:42.384] [WARN] normal - conditions { skip: 0, limit: 3 } {}
[2017-06-12 22:34:15.605] [WARN] normal - conditions { skip: 0, limit: 3 } { SourceId: '6' }
[2017-06-12 22:34:55.715] [WARN] normal - conditions { skip: 0, limit: 3 } { SourceId: '6', Id: '62788' }
[2017-06-12 22:34:55.947] [WARN] normal - conditions { skip: 0, limit: 3 } { SourceId: '6', Id: '62788' }
[2017-06-12 22:34:56.484] [WARN] normal - conditions { skip: 0, limit: 3 } { SourceId: '6', Id: '62788' }
[2017-06-12 22:34:56.712] [WARN] normal - conditions { skip: 0, limit: 3 } { SourceId: '6', Id: '62788' }
[2017-06-12 22:34:56.974] [WARN] normal - conditions { skip: 0, limit: 3 } { SourceId: '6', Id: '62788' }
[2017-06-12 22:34:57.232] [WARN] normal - conditions { skip: 0, limit: 3 } { SourceId: '6', Id: '62788' }
[2017-06-12 22:34:57.504] [WARN] normal - conditions { skip: 0, limit: 3 } { SourceId: '6', Id: '62788' }
[2017-06-12 22:35:19.987] [WARN] normal - conditions { skip: 0, limit: 3 } { SourceId: '6' }
[2017-06-12 22:35:47.845] [WARN] normal - conditions { skip: 0, limit: 3 } { SourceId: '6', Id: [ '62788', '62772' ] }
[2017-06-12 22:41:39.441] [WARN] normal - conditions { skip: 0, limit: 3 } { SourceId: '6', Id: [ '62788', '62772' ] }
[2017-06-12 22:42:09.922] [WARN] normal - conditions { Id: '1', skip: 0, limit: 3 } { skip: 0, limit: 3 } { SourceId: '6', Id: [ '62788', '62772' ] }
[2017-06-12 22:42:40.791] [WARN] normal - conditions { Id: '1' } { skip: 0, limit: 3, Id: '1' } { SourceId: '6', Id: [ '62788', '62772' ] }
[2017-06-12 22:43:22.591] [WARN] normal - conditions { skip: 0, limit: 3, Id: '1' } { SourceId: '6', Id: [ '62788', '62772' ] }
[2017-06-12 22:43:25.095] [WARN] normal - conditions { skip: 0, limit: 3, Id: '1' } { SourceId: '6', Id: [ '62788', '62772' ] }
[2017-06-12 22:43:25.658] [WARN] normal - conditions { skip: 0, limit: 3, Id: '1' } { SourceId: '6', Id: [ '62788', '62772' ] }
[2017-06-12 22:43:25.922] [WARN] normal - conditions { skip: 0, limit: 3, Id: '1' } { SourceId: '6', Id: [ '62788', '62772' ] }
[2017-06-12 22:43:26.126] [WARN] normal - conditions { skip: 0, limit: 3, Id: '1' } { SourceId: '6', Id: [ '62788', '62772' ] }
[2017-06-12 22:47:33.932] [WARN] normal - conditions { skip: 0, limit: 3, Id: 1 } { SourceId: '6', Id: [ '62788', '62772' ] }
[2017-06-12 22:47:37.401] [WARN] normal - conditions { skip: 0, limit: 3, Id: 1 } { SourceId: '6', Id: [ '62788', '62772' ] }
[2017-06-12 22:47:38.097] [WARN] normal - conditions { skip: 0, limit: 3, Id: 1 } { SourceId: '6', Id: [ '62788', '62772' ] }
[2017-06-12 22:47:38.370] [WARN] normal - conditions { skip: 0, limit: 3, Id: 1 } { SourceId: '6', Id: [ '62788', '62772' ] }
[2017-06-12 22:47:59.416] [WARN] normal - conditions { skip: 0, limit: 3, Id: -1 } { SourceId: '6', Id: [ '62788', '62772' ] }
[2017-06-12 22:48:00.328] [WARN] normal - conditions { skip: 0, limit: 3, Id: -1 } { SourceId: '6', Id: [ '62788', '62772' ] }
[2017-06-12 22:48:00.658] [WARN] normal - conditions { skip: 0, limit: 3, Id: -1 } { SourceId: '6', Id: [ '62788', '62772' ] }
[2017-06-12 22:49:40.031] [WARN] normal - conditions { sort: { Id: -1 }, skip: 0, limit: 3 } { SourceId: '6', Id: [ '62788', '62772' ] }
[2017-06-12 22:49:46.791] [WARN] normal - conditions { sort: { Id: -1 }, skip: 0, limit: 3 } { SourceId: '6', Id: [ '62788', '62772' ] }
[2017-06-12 22:49:47.405] [WARN] normal - conditions { sort: { Id: -1 }, skip: 0, limit: 3 } { SourceId: '6', Id: [ '62788', '62772' ] }
[2017-06-12 22:49:47.734] [WARN] normal - conditions { sort: { Id: -1 }, skip: 0, limit: 3 } { SourceId: '6', Id: [ '62788', '62772' ] }
[2017-06-12 22:50:02.317] [WARN] normal - conditions { sort: { Id: 1 }, skip: 0, limit: 3 } { SourceId: '6', Id: [ '62788', '62772' ] }
[2017-06-12 22:50:03.361] [WARN] normal - conditions { sort: { Id: 1 }, skip: 0, limit: 3 } { SourceId: '6', Id: [ '62788', '62772' ] }
