[2017-06-14 00:00:42.162] [INFO] normal - logger.info
[2017-06-14 00:00:42.243] [INFO] normal - logger.info
[2017-06-14 00:00:52.779] [WARN] normal - conditions { sort: {}, skip: 0, limit: 3 } {}
[2017-06-14 00:00:54.330] [WARN] normal - conditions { sort: {}, skip: 0, limit: 3 } {}
[2017-06-14 00:01:16.817] [INFO] normal - [TASK] set  2017-6-14 00:01:16_4120_2
[2017-06-14 00:02:00.040] [INFO] normal - [TASK] start  2017-6-14 00:01:16_4120_2
[2017-06-14 00:02:00.047] [WARN] normal - [2017-6-14 00:01:16_4120_2]=========================== Task START ===========================
[2017-06-14 00:02:00.067] [INFO] normal - [2017-6-14 00:01:16_4120_2]现在的并发数是50，正在抓取的是http://www.yiguo.com/product/10033.html，耗时14毫秒
[2017-06-14 00:02:00.080] [INFO] normal - [2017-6-14 00:01:16_4120_2]现在的并发数是50，正在抓取的是http://www.yiguo.com/product/10017.html，耗时24毫秒
[2017-06-14 00:02:00.082] [INFO] normal - [2017-6-14 00:01:16_4120_2]现在的并发数是50，正在抓取的是http://www.yiguo.com/product/10037.html，耗时30毫秒
[2017-06-14 00:02:00.100] [INFO] normal - [2017-6-14 00:01:16_4120_2]现在的并发数是50，正在抓取的是http://www.yiguo.com/product/10019.html，耗时48毫秒
[2017-06-14 00:02:00.101] [INFO] normal - [2017-6-14 00:01:16_4120_2]现在的并发数是50，正在抓取的是http://www.yiguo.com/product/10039.html，耗时48毫秒
[2017-06-14 00:02:00.141] [INFO] normal - [2017-6-14 00:01:16_4120_2]现在的并发数是50，正在抓取的是http://www.yiguo.com/product/10041.html，耗时90毫秒
[2017-06-14 00:02:00.150] [INFO] normal - [2017-6-14 00:01:16_4120_2]现在的并发数是50，正在抓取的是http://www.yiguo.com/product/10050.html，耗时72毫秒
[2017-06-14 00:02:00.155] [INFO] normal - [2017-6-14 00:01:16_4120_2]现在的并发数是50，正在抓取的是http://www.yiguo.com/product/10047.html，耗时104毫秒
[2017-06-14 00:02:00.159] [INFO] normal - [2017-6-14 00:01:16_4120_2]现在的并发数是50，正在抓取的是http://www.yiguo.com/product/10029.html，耗时108毫秒
[2017-06-14 00:02:00.178] [INFO] normal - [2017-6-14 00:01:16_4120_2]现在的并发数是50，正在抓取的是http://www.yiguo.com/product/10040.html，耗时126毫秒
[2017-06-14 00:02:00.187] [INFO] normal - [2017-6-14 00:01:16_4120_2]现在的并发数是50，正在抓取的是http://www.yiguo.com/product/10048.html，耗时133毫秒
[2017-06-14 00:02:00.287] [INFO] normal - [2017-6-14 00:01:16_4120_2]------- DB NONE ------- 6
[2017-06-14 00:02:00.287] [INFO] normal - [2017-6-14 00:01:16_4120_2]现在的并发数是50，正在抓取的是http://www.yiguo.com/product/10026.html，耗时144毫秒
[2017-06-14 00:02:00.288] [INFO] normal - [2017-6-14 00:01:16_4120_2]现在的并发数是50，正在抓取的是http://www.yiguo.com/product/10002.html，耗时157毫秒
[2017-06-14 00:02:00.289] [INFO] normal - [2017-6-14 00:01:16_4120_2]现在的并发数是50，正在抓取的是http://www.yiguo.com/product/10007.html，耗时158毫秒
[2017-06-14 00:02:00.289] [INFO] normal - [2017-6-14 00:01:16_4120_2]现在的并发数是50，正在抓取的是http://www.yiguo.com/product/10000.html，耗时186毫秒
[2017-06-14 00:02:00.290] [INFO] normal - [2017-6-14 00:01:16_4120_2]现在的并发数是50，正在抓取的是http://www.yiguo.com/product/10021.html，耗时230毫秒
[2017-06-14 00:02:00.291] [INFO] normal - [2017-6-14 00:01:16_4120_2]现在的并发数是50，正在抓取的是http://www.yiguo.com/product/10046.html，耗时240毫秒
[2017-06-14 00:02:00.300] [INFO] normal - [2017-6-14 00:01:16_4120_2]现在的并发数是50，正在抓取的是http://www.yiguo.com/product/10030.html，耗时249毫秒
[2017-06-14 00:02:00.305] [INFO] normal - [2017-6-14 00:01:16_4120_2]现在的并发数是50，正在抓取的是http://www.yiguo.com/product/10052.html，耗时222毫秒
[2017-06-14 00:02:00.317] [INFO] normal - [2017-6-14 00:01:16_4120_2]现在的并发数是50，正在抓取的是http://www.yiguo.com/product/10012.html，耗时265毫秒
[2017-06-14 00:02:00.320] [INFO] normal - [2017-6-14 00:01:16_4120_2]现在的并发数是50，正在抓取的是http://www.yiguo.com/product/10001.html，耗时268毫秒
[2017-06-14 00:02:00.320] [INFO] normal - [2017-6-14 00:01:16_4120_2]现在的并发数是50，正在抓取的是http://www.yiguo.com/product/10035.html，耗时269毫秒
[2017-06-14 00:02:00.321] [INFO] normal - [2017-6-14 00:01:16_4120_2]现在的并发数是50，正在抓取的是http://www.yiguo.com/product/10053.html，耗时220毫秒
[2017-06-14 00:02:00.325] [INFO] normal - [2017-6-14 00:01:16_4120_2]现在的并发数是50，正在抓取的是http://www.yiguo.com/product/10068.html，耗时16毫秒
[2017-06-14 00:02:00.334] [INFO] normal - [2017-6-14 00:01:16_4120_2]现在的并发数是50，正在抓取的是http://www.yiguo.com/product/10016.html，耗时283毫秒
[2017-06-14 00:02:00.336] [INFO] normal - [2017-6-14 00:01:16_4120_2]现在的并发数是50，正在抓取的是http://www.yiguo.com/product/10056.html，耗时186毫秒
[2017-06-14 00:02:00.346] [INFO] normal - [2017-6-14 00:01:16_4120_2]现在的并发数是50，正在抓取的是http://www.yiguo.com/product/10018.html，耗时294毫秒
[2017-06-14 00:02:00.416] [INFO] normal - [2017-6-14 00:01:16_4120_2]------- DB NONE ------- 6
[2017-06-14 00:02:00.416] [INFO] normal - [2017-6-14 00:01:16_4120_2]现在的并发数是50，正在抓取的是http://www.yiguo.com/product/10064.html，耗时77毫秒
[2017-06-14 00:02:00.420] [INFO] normal - [2017-6-14 00:01:16_4120_2]现在的并发数是50，正在抓取的是http://www.yiguo.com/product/10076.html，耗时20毫秒
[2017-06-14 00:02:00.425] [INFO] normal - [2017-6-14 00:01:16_4120_2]现在的并发数是50，正在抓取的是http://www.yiguo.com/product/10005.html，耗时319毫秒
[2017-06-14 00:02:00.427] [INFO] normal - [2017-6-14 00:01:16_4120_2]现在的并发数是50，正在抓取的是http://www.yiguo.com/product/10009.html，耗时324毫秒
[2017-06-14 00:02:00.428] [INFO] normal - [2017-6-14 00:01:16_4120_2]现在的并发数是50，正在抓取的是http://www.yiguo.com/product/10054.html，耗时282毫秒
[2017-06-14 00:02:00.429] [INFO] normal - [2017-6-14 00:01:16_4120_2]现在的并发数是50，正在抓取的是http://www.yiguo.com/product/10027.html，耗时336毫秒
[2017-06-14 00:02:00.429] [INFO] normal - [2017-6-14 00:01:16_4120_2]现在的并发数是50，正在抓取的是http://www.yiguo.com/product/10025.html，耗时345毫秒
[2017-06-14 00:02:00.431] [INFO] normal - [2017-6-14 00:01:16_4120_2]现在的并发数是50，正在抓取的是http://www.yiguo.com/product/10060.html，耗时209毫秒
[2017-06-14 00:02:00.432] [INFO] normal - [2017-6-14 00:01:16_4120_2]现在的并发数是50，正在抓取的是http://www.yiguo.com/product/10028.html，耗时353毫秒
[2017-06-14 00:02:00.434] [INFO] normal - [2017-6-14 00:01:16_4120_2]现在的并发数是50，正在抓取的是http://www.yiguo.com/product/10061.html，耗时132毫秒
[2017-06-14 00:02:00.468] [INFO] normal - [2017-6-14 00:01:16_4120_2]------- DB NONE ------- 6
[2017-06-14 00:02:00.487] [INFO] normal - [2017-6-14 00:01:16_4120_2]------- DB NONE ------- 6
[2017-06-14 00:02:00.501] [INFO] normal - [2017-6-14 00:01:16_4120_2]------- DB NONE ------- 6
[2017-06-14 00:02:00.514] [INFO] normal - [2017-6-14 00:01:16_4120_2]------- DB NONE ------- 6
[2017-06-14 00:02:00.514] [INFO] normal - [2017-6-14 00:01:16_4120_2]现在的并发数是50，正在抓取的是http://www.yiguo.com/product/10010.html，耗时431毫秒
[2017-06-14 00:02:00.515] [INFO] normal - [2017-6-14 00:01:16_4120_2]现在的并发数是50，正在抓取的是http://www.yiguo.com/product/10081.html，耗时62毫秒
[2017-06-14 00:02:00.517] [INFO] normal - [2017-6-14 00:01:16_4120_2]现在的并发数是50，正在抓取的是http://www.yiguo.com/product/10023.html，耗时449毫秒
[2017-06-14 00:02:00.517] [INFO] normal - [2017-6-14 00:01:16_4120_2]现在的并发数是50，正在抓取的是http://www.yiguo.com/product/10077.html，耗时87毫秒
[2017-06-14 00:02:00.518] [INFO] normal - [2017-6-14 00:01:16_4120_2]现在的并发数是50，正在抓取的是http://www.yiguo.com/product/10038.html，耗时462毫秒
[2017-06-14 00:02:00.521] [INFO] normal - [2017-6-14 00:01:16_4120_2]现在的并发数是50，正在抓取的是http://www.yiguo.com/product/10013.html，耗时469毫秒
[2017-06-14 00:02:00.539] [INFO] normal - [2017-6-14 00:01:16_4120_2]------- DB NONE ------- 6
[2017-06-14 00:02:00.539] [INFO] normal - [2017-6-14 00:01:16_4120_2]现在的并发数是50，正在抓取的是http://www.yiguo.com/product/10020.html，耗时473毫秒
[2017-06-14 00:02:00.563] [INFO] normal - [2017-6-14 00:01:16_4120_2]------- DB NONE ------- 6
[2017-06-14 00:02:00.564] [INFO] normal - [2017-6-14 00:01:16_4120_2]现在的并发数是50，正在抓取的是http://www.yiguo.com/product/10055.html，耗时408毫秒
[2017-06-14 00:02:00.565] [INFO] normal - [2017-6-14 00:01:16_4120_2]现在的并发数是50，正在抓取的是http://www.yiguo.com/product/10022.html，耗时507毫秒
[2017-06-14 00:02:00.572] [INFO] normal - [2017-6-14 00:01:16_4120_2]现在的并发数是50，正在抓取的是http://www.yiguo.com/product/10063.html，耗时283毫秒
[2017-06-14 00:02:00.575] [INFO] normal - [2017-6-14 00:01:16_4120_2]现在的并发数是50，正在抓取的是http://www.yiguo.com/product/10066.html，耗时282毫秒
[2017-06-14 00:02:00.577] [INFO] normal - [2017-6-14 00:01:16_4120_2]现在的并发数是50，正在抓取的是http://www.yiguo.com/product/10091.html，耗时60毫秒
[2017-06-14 00:02:00.585] [INFO] normal - [2017-6-14 00:01:16_4120_2]现在的并发数是50，正在抓取的是http://www.yiguo.com/product/10011.html，耗时534毫秒
[2017-06-14 00:02:00.593] [INFO] normal - [2017-6-14 00:01:16_4120_2]现在的并发数是50，正在抓取的是http://www.yiguo.com/product/10008.html，耗时541毫秒
[2017-06-14 00:02:00.610] [INFO] normal - [2017-6-14 00:01:16_4120_2]------- DB NONE ------- 6
[2017-06-14 00:02:00.611] [INFO] normal - [2017-6-14 00:01:16_4120_2]现在的并发数是49，正在抓取的是http://www.yiguo.com/product/10090.html，耗时94毫秒
[2017-06-14 00:02:00.619] [INFO] normal - [2017-6-14 00:01:16_4120_2]现在的并发数是48，正在抓取的是http://www.yiguo.com/product/10071.html，耗时298毫秒
[2017-06-14 00:02:00.623] [INFO] normal - [2017-6-14 00:01:16_4120_2]现在的并发数是47，正在抓取的是http://www.yiguo.com/product/10004.html，耗时571毫秒
[2017-06-14 00:02:00.626] [INFO] normal - [2017-6-14 00:01:16_4120_2]现在的并发数是46，正在抓取的是http://www.yiguo.com/product/10059.html，耗时447毫秒
[2017-06-14 00:02:00.644] [INFO] normal - [2017-6-14 00:01:16_4120_2]------- DB NONE ------- 6
[2017-06-14 00:02:00.644] [INFO] normal - [2017-6-14 00:01:16_4120_2]现在的并发数是45，正在抓取的是http://www.yiguo.com/product/10058.html，耗时468毫秒
[2017-06-14 00:02:00.647] [INFO] normal - [2017-6-14 00:01:16_4120_2]现在的并发数是44，正在抓取的是http://www.yiguo.com/product/10069.html，耗时321毫秒
[2017-06-14 00:02:00.654] [INFO] normal - [2017-6-14 00:01:16_4120_2]现在的并发数是43，正在抓取的是http://www.yiguo.com/product/10049.html，耗时603毫秒
[2017-06-14 00:02:00.656] [INFO] normal - [2017-6-14 00:01:16_4120_2]现在的并发数是42，正在抓取的是http://www.yiguo.com/product/10024.html，耗时605毫秒
[2017-06-14 00:02:00.668] [INFO] normal - [2017-6-14 00:01:16_4120_2]现在的并发数是41，正在抓取的是http://www.yiguo.com/product/10032.html，耗时617毫秒
[2017-06-14 00:02:00.688] [INFO] normal - [2017-6-14 00:01:16_4120_2]------- DB NONE ------- 6
[2017-06-14 00:02:00.688] [INFO] normal - [2017-6-14 00:01:16_4120_2]现在的并发数是40，正在抓取的是http://www.yiguo.com/product/10051.html，耗时593毫秒
[2017-06-14 00:02:00.707] [INFO] normal - [2017-6-14 00:01:16_4120_2]------- DB NONE ------- 6
[2017-06-14 00:02:00.708] [INFO] normal - [2017-6-14 00:01:16_4120_2]现在的并发数是39，正在抓取的是http://www.yiguo.com/product/10006.html，耗时657毫秒
[2017-06-14 00:02:00.709] [INFO] normal - [2017-6-14 00:01:16_4120_2]现在的并发数是38，正在抓取的是http://www.yiguo.com/product/10044.html，耗时657毫秒
[2017-06-14 00:02:00.725] [INFO] normal - [2017-6-14 00:01:16_4120_2]现在的并发数是37，正在抓取的是http://www.yiguo.com/product/10057.html，耗时569毫秒
[2017-06-14 00:02:00.748] [INFO] normal - [2017-6-14 00:01:16_4120_2]------- DB NONE ------- 6
[2017-06-14 00:02:00.762] [INFO] normal - [2017-6-14 00:01:16_4120_2]现在的并发数是36，正在抓取的是http://www.yiguo.com/product/10075.html，耗时424毫秒
[2017-06-14 00:02:00.819] [INFO] normal - [2017-6-14 00:01:16_4120_2]------- DB NONE ------- 6
[2017-06-14 00:02:00.849] [INFO] normal - [2017-6-14 00:01:16_4120_2]------- DB NONE ------- 6
[2017-06-14 00:02:00.856] [INFO] normal - [2017-6-14 00:01:16_4120_2]------- DB NONE ------- 6
[2017-06-14 00:02:00.873] [INFO] normal - [2017-6-14 00:01:16_4120_2]现在的并发数是35，正在抓取的是http://www.yiguo.com/product/10070.html，耗时552毫秒
[2017-06-14 00:02:00.874] [INFO] normal - [2017-6-14 00:01:16_4120_2]现在的并发数是34，正在抓取的是http://www.yiguo.com/product/10042.html，耗时823毫秒
[2017-06-14 00:02:00.879] [INFO] normal - [2017-6-14 00:01:16_4120_2]现在的并发数是33，正在抓取的是http://www.yiguo.com/product/10072.html，耗时554毫秒
[2017-06-14 00:02:00.903] [INFO] normal - [2017-6-14 00:01:16_4120_2]现在的并发数是32，正在抓取的是http://www.yiguo.com/product/10043.html，耗时851毫秒
[2017-06-14 00:02:00.903] [INFO] normal - [2017-6-14 00:01:16_4120_2]现在的并发数是31，正在抓取的是http://www.yiguo.com/product/10036.html，耗时852毫秒
[2017-06-14 00:02:00.923] [INFO] normal - [2017-6-14 00:01:16_4120_2]现在的并发数是30，正在抓取的是http://www.yiguo.com/product/10045.html，耗时871毫秒
[2017-06-14 00:02:00.927] [INFO] normal - [2017-6-14 00:01:16_4120_2]现在的并发数是29，正在抓取的是http://www.yiguo.com/product/10073.html，耗时601毫秒
[2017-06-14 00:02:00.935] [INFO] normal - [2017-6-14 00:01:16_4120_2]现在的并发数是28，正在抓取的是http://www.yiguo.com/product/10065.html，耗时643毫秒
[2017-06-14 00:02:00.935] [INFO] normal - [2017-6-14 00:01:16_4120_2]现在的并发数是27，正在抓取的是http://www.yiguo.com/product/10086.html，耗时497毫秒
[2017-06-14 00:02:00.945] [INFO] normal - [2017-6-14 00:01:16_4120_2]现在的并发数是26，正在抓取的是http://www.yiguo.com/product/10014.html，耗时894毫秒
[2017-06-14 00:02:00.950] [INFO] normal - [2017-6-14 00:01:16_4120_2]现在的并发数是25，正在抓取的是http://www.yiguo.com/product/10003.html，耗时897毫秒
[2017-06-14 00:02:00.956] [INFO] normal - [2017-6-14 00:01:16_4120_2]现在的并发数是24，正在抓取的是http://www.yiguo.com/product/10079.html，耗时527毫秒
[2017-06-14 00:02:00.981] [INFO] normal - [2017-6-14 00:01:16_4120_2]现在的并发数是23，正在抓取的是http://www.yiguo.com/product/10015.html，耗时928毫秒
[2017-06-14 00:02:00.981] [INFO] normal - [2017-6-14 00:01:16_4120_2]现在的并发数是22，正在抓取的是http://www.yiguo.com/product/10083.html，耗时549毫秒
[2017-06-14 00:02:00.989] [INFO] normal - [2017-6-14 00:01:16_4120_2]现在的并发数是21，正在抓取的是http://www.yiguo.com/product/10034.html，耗时937毫秒
[2017-06-14 00:02:01.013] [INFO] normal - [2017-6-14 00:01:16_4120_2]现在的并发数是20，正在抓取的是http://www.yiguo.com/product/10031.html，耗时960毫秒
[2017-06-14 00:02:01.069] [INFO] normal - [2017-6-14 00:01:16_4120_2]现在的并发数是19，正在抓取的是http://www.yiguo.com/product/10078.html，耗时642毫秒
[2017-06-14 00:02:01.083] [INFO] normal - [2017-6-14 00:01:16_4120_2]现在的并发数是18，正在抓取的是http://www.yiguo.com/product/10093.html，耗时543毫秒
[2017-06-14 00:02:01.084] [INFO] normal - [2017-6-14 00:01:16_4120_2]现在的并发数是17，正在抓取的是http://www.yiguo.com/product/10082.html，耗时654毫秒
[2017-06-14 00:02:01.102] [INFO] normal - [2017-6-14 00:01:16_4120_2]现在的并发数是16，正在抓取的是http://www.yiguo.com/product/10092.html，耗时580毫秒
[2017-06-14 00:02:01.142] [INFO] normal - [2017-6-14 00:01:16_4120_2]现在的并发数是15，正在抓取的是http://www.yiguo.com/product/10080.html，耗时713毫秒
[2017-06-14 00:02:01.154] [INFO] normal - [2017-6-14 00:01:16_4120_2]现在的并发数是14，正在抓取的是http://www.yiguo.com/product/10067.html，耗时853毫秒
[2017-06-14 00:02:01.156] [INFO] normal - [2017-6-14 00:01:16_4120_2]现在的并发数是13，正在抓取的是http://www.yiguo.com/product/10089.html，耗时640毫秒
[2017-06-14 00:02:01.170] [INFO] normal - [2017-6-14 00:01:16_4120_2]现在的并发数是12，正在抓取的是http://www.yiguo.com/product/10099.html，耗时585毫秒
[2017-06-14 00:02:01.172] [INFO] normal - [2017-6-14 00:01:16_4120_2]现在的并发数是11，正在抓取的是http://www.yiguo.com/product/10062.html，耗时884毫秒
[2017-06-14 00:02:01.179] [INFO] normal - [2017-6-14 00:01:16_4120_2]现在的并发数是10，正在抓取的是http://www.yiguo.com/product/10085.html，耗时745毫秒
[2017-06-14 00:02:01.264] [INFO] normal - [2017-6-14 00:01:16_4120_2]现在的并发数是9，正在抓取的是http://www.yiguo.com/product/10098.html，耗时631毫秒
[2017-06-14 00:02:01.267] [INFO] normal - [2017-6-14 00:01:16_4120_2]现在的并发数是8，正在抓取的是http://www.yiguo.com/product/10084.html，耗时781毫秒
[2017-06-14 00:02:01.268] [INFO] normal - [2017-6-14 00:01:16_4120_2]现在的并发数是7，正在抓取的是http://www.yiguo.com/product/10096.html，耗时689毫秒
[2017-06-14 00:02:01.310] [INFO] normal - [2017-6-14 00:01:16_4120_2]现在的并发数是6，正在抓取的是http://www.yiguo.com/product/10074.html，耗时975毫秒
[2017-06-14 00:02:01.327] [INFO] normal - [2017-6-14 00:01:16_4120_2]现在的并发数是5，正在抓取的是http://www.yiguo.com/product/10087.html，耗时812毫秒
[2017-06-14 00:02:01.371] [INFO] normal - [2017-6-14 00:01:16_4120_2]现在的并发数是4，正在抓取的是http://www.yiguo.com/product/10097.html，耗时796毫秒
[2017-06-14 00:02:01.372] [INFO] normal - [2017-6-14 00:01:16_4120_2]现在的并发数是3，正在抓取的是http://www.yiguo.com/product/10088.html，耗时857毫秒
[2017-06-14 00:02:01.414] [INFO] normal - [2017-6-14 00:01:16_4120_2]现在的并发数是2，正在抓取的是http://www.yiguo.com/product/10095.html，耗时849毫秒
[2017-06-14 00:02:01.531] [INFO] normal - [2017-6-14 00:01:16_4120_2]现在的并发数是1，正在抓取的是http://www.yiguo.com/product/10094.html，耗时966毫秒
[2017-06-14 00:02:01.613] [INFO] normal - [2017-6-14 00:01:16_4120_2]------- DB NONE ------- 6
[2017-06-14 00:02:01.743] [INFO] normal - [2017-6-14 00:01:16_4120_2]------- DB NONE ------- 6
[2017-06-14 00:02:07.139] [WARN] normal - [2017-6-14 00:01:16_4120_2]=========================== TASK END ===========================
[2017-06-14 00:02:07.139] [WARN] normal - [2017-6-14 00:01:16_4120_2]本次爬虫结果总共100条  耗时=[7]秒
[2017-06-14 00:02:09.606] [WARN] normal - conditions { sort: {}, skip: 0, limit: 3 } {}
