[2017-06-13 09:22:57.668] [INFO] normal - logger.info
[2017-06-13 09:23:04.217] [INFO] normal - logger.info
[2017-06-13 09:23:04.730] [INFO] normal - logger.info
[2017-06-13 09:23:05.000] [INFO] normal - logger.info
[2017-06-13 09:23:05.204] [INFO] normal - logger.info
[2017-06-13 09:23:38.072] [INFO] normal - [TASK] set  2017-6-13 09:23:38_12608_24
[2017-06-13 09:24:00.012] [INFO] normal - [TASK] start  2017-6-13 09:23:38_12608_24
[2017-06-13 09:25:05.418] [WARN] normal - [2017-6-13 09:23:38_12608_24]=========================== Task START ===========================
[2017-06-13 09:25:05.462] [INFO] normal - [2017-6-13 09:23:38_12608_24]现在的并发数是20，正在抓取的是http://www.yiguo.com/product/62762.html，耗时38毫秒
[2017-06-13 09:25:05.473] [INFO] normal - [2017-6-13 09:23:38_12608_24]现在的并发数是19，正在抓取的是http://www.yiguo.com/product/62775.html，耗时41毫秒
[2017-06-13 09:25:05.547] [INFO] normal - [2017-6-13 09:23:38_12608_24]现在的并发数是18，正在抓取的是http://www.yiguo.com/product/62766.html，耗时126毫秒
[2017-06-13 09:25:05.639] [INFO] normal - [2017-6-13 09:23:38_12608_24]------- DB NONE ------- 6
[2017-06-13 09:25:05.640] [INFO] normal - [2017-6-13 09:23:38_12608_24]现在的并发数是17，正在抓取的是http://www.yiguo.com/product/62772.html，耗时189毫秒
[2017-06-13 09:25:05.682] [INFO] normal - [2017-6-13 09:23:38_12608_24]------- DB NONE ------- 6
[2017-06-13 09:25:05.696] [INFO] normal - [2017-6-13 09:23:38_12608_24]------- DB NONE ------- 6
[2017-06-13 09:25:05.747] [INFO] normal - [2017-6-13 09:23:38_12608_24]现在的并发数是16，正在抓取的是http://www.yiguo.com/product/62774.html，耗时326毫秒
[2017-06-13 09:25:05.851] [INFO] normal - [2017-6-13 09:23:38_12608_24]------- DB NONE ------- 6
[2017-06-13 09:25:05.852] [INFO] normal - [2017-6-13 09:23:38_12608_24]现在的并发数是15，正在抓取的是http://www.yiguo.com/product/62765.html，耗时425毫秒
[2017-06-13 09:25:05.906] [INFO] normal - [2017-6-13 09:23:38_12608_24]现在的并发数是14，正在抓取的是http://www.yiguo.com/product/62768.html，耗时486毫秒
[2017-06-13 09:25:05.928] [INFO] normal - [2017-6-13 09:23:38_12608_24]现在的并发数是13，正在抓取的是http://www.yiguo.com/product/62757.html，耗时508毫秒
[2017-06-13 09:25:05.934] [INFO] normal - [2017-6-13 09:23:38_12608_24]现在的并发数是12，正在抓取的是http://www.yiguo.com/product/62764.html，耗时514毫秒
[2017-06-13 09:25:05.997] [INFO] normal - [2017-6-13 09:23:38_12608_24]------- DB NONE ------- 6
[2017-06-13 09:25:06.012] [INFO] normal - [2017-6-13 09:23:38_12608_24]现在的并发数是11，正在抓取的是http://www.yiguo.com/product/62756.html，耗时592毫秒
[2017-06-13 09:25:06.037] [INFO] normal - [2017-6-13 09:23:38_12608_24]现在的并发数是10，正在抓取的是http://www.yiguo.com/product/62760.html，耗时617毫秒
[2017-06-13 09:25:06.059] [INFO] normal - [2017-6-13 09:23:38_12608_24]现在的并发数是9，正在抓取的是http://www.yiguo.com/product/62770.html，耗时639毫秒
[2017-06-13 09:25:06.060] [INFO] normal - [2017-6-13 09:23:38_12608_24]现在的并发数是8，正在抓取的是http://www.yiguo.com/product/62769.html，耗时640毫秒
[2017-06-13 09:25:06.084] [INFO] normal - [2017-6-13 09:23:38_12608_24]现在的并发数是7，正在抓取的是http://www.yiguo.com/product/62771.html，耗时663毫秒
[2017-06-13 09:25:06.113] [INFO] normal - [2017-6-13 09:23:38_12608_24]------- DB NONE ------- 6
[2017-06-13 09:25:06.125] [INFO] normal - [2017-6-13 09:23:38_12608_24]现在的并发数是6，正在抓取的是http://www.yiguo.com/product/62767.html，耗时705毫秒
[2017-06-13 09:25:06.144] [INFO] normal - [2017-6-13 09:23:38_12608_24]------- DB NONE ------- 6
[2017-06-13 09:25:06.183] [INFO] normal - [2017-6-13 09:23:38_12608_24]------- DB NONE ------- 6
[2017-06-13 09:25:06.195] [INFO] normal - [2017-6-13 09:23:38_12608_24]------- DB NONE ------- 6
[2017-06-13 09:25:06.196] [INFO] normal - [2017-6-13 09:23:38_12608_24]现在的并发数是5，正在抓取的是http://www.yiguo.com/product/62761.html，耗时777毫秒
[2017-06-13 09:25:06.213] [INFO] normal - [2017-6-13 09:23:38_12608_24]------- DB NONE ------- 6
[2017-06-13 09:25:06.223] [INFO] normal - [2017-6-13 09:23:38_12608_24]现在的并发数是4，正在抓取的是http://www.yiguo.com/product/62759.html，耗时803毫秒
[2017-06-13 09:25:06.288] [INFO] normal - [2017-6-13 09:23:38_12608_24]------- DB NONE ------- 6
[2017-06-13 09:25:06.311] [INFO] normal - [2017-6-13 09:23:38_12608_24]现在的并发数是3，正在抓取的是http://www.yiguo.com/product/62758.html，耗时891毫秒
[2017-06-13 09:25:06.324] [INFO] normal - [2017-6-13 09:23:38_12608_24]------- DB NONE ------- 6
[2017-06-13 09:25:06.371] [INFO] normal - [2017-6-13 09:23:38_12608_24]现在的并发数是2，正在抓取的是http://www.yiguo.com/product/62773.html，耗时951毫秒
[2017-06-13 09:25:06.418] [INFO] normal - [2017-6-13 09:23:38_12608_24]现在的并发数是1，正在抓取的是http://www.yiguo.com/product/62763.html，耗时999毫秒
[2017-06-13 09:25:06.503] [INFO] normal - [2017-6-13 09:23:38_12608_24]------- DB NONE ------- 6
[2017-06-13 09:25:06.508] [INFO] normal - [2017-6-13 09:23:38_12608_24]------------------ DB SUCCESS ------- 6
[2017-06-13 09:25:06.544] [INFO] normal - [2017-6-13 09:23:38_12608_24]------- DB NONE ------- 6
[2017-06-13 09:25:06.547] [INFO] normal - [2017-6-13 09:23:38_12608_24]------------------ DB SUCCESS ------- 6
[2017-06-13 09:25:07.075] [INFO] normal - [2017-6-13 09:23:38_12608_24]------------------ DB SUCCESS ------- 6
[2017-06-13 09:25:07.097] [INFO] normal - [2017-6-13 09:23:38_12608_24]------------------ DB SUCCESS ------- 6
[2017-06-13 09:25:07.173] [INFO] normal - [2017-6-13 09:23:38_12608_24]------------------ DB SUCCESS ------- 6
[2017-06-13 09:25:07.815] [WARN] normal - [2017-6-13 09:23:38_12608_24]=========================== TASK END ===========================
[2017-06-13 09:25:07.816] [WARN] normal - [2017-6-13 09:23:38_12608_24]本次爬虫结果总共20条  耗时=[2]秒
[2017-06-13 09:25:07.830] [INFO] normal - [2017-6-13 09:23:38_12608_24]------------------ DB SUCCESS ------- 6
[2017-06-13 09:29:18.465] [INFO] normal - [TASK] already 2017-6-13 09:23:38_12608
[2017-06-13 09:29:23.000] [INFO] normal - [TASK] cancel 2017-6-13 09:23:38_12608
[2017-06-13 09:29:24.375] [INFO] normal - [TASK] set  2017-6-13 09:29:24_12608_30
[2017-06-13 09:30:00.015] [INFO] normal - [TASK] start  2017-6-13 09:29:24_12608_30
[2017-06-13 09:30:00.022] [WARN] normal - [2017-6-13 09:29:24_12608_30]=========================== Task START ===========================
[2017-06-13 09:30:00.117] [INFO] normal - [2017-6-13 09:29:24_12608_30]现在的并发数是25，正在抓取的是http://sh.34580.com/p/12，耗时90毫秒
[2017-06-13 09:30:00.146] [INFO] normal - [2017-6-13 09:29:24_12608_30]现在的并发数是24，正在抓取的是http://sh.34580.com/p/3，耗时120毫秒
[2017-06-13 09:30:00.243] [INFO] normal - [2017-6-13 09:29:24_12608_30]现在的并发数是23，正在抓取的是http://sh.34580.com/p/14，耗时216毫秒
[2017-06-13 09:30:00.246] [INFO] normal - [2017-6-13 09:29:24_12608_30]现在的并发数是22，正在抓取的是http://sh.34580.com/p/20，耗时219毫秒
[2017-06-13 09:30:00.253] [INFO] normal - [2017-6-13 09:29:24_12608_30]现在的并发数是21，正在抓取的是http://sh.34580.com/p/18，耗时226毫秒
[2017-06-13 09:30:00.260] [INFO] normal - [2017-6-13 09:29:24_12608_30]现在的并发数是20，正在抓取的是http://sh.34580.com/p/4，耗时234毫秒
[2017-06-13 09:30:00.272] [INFO] normal - [2017-6-13 09:29:24_12608_30]现在的并发数是19，正在抓取的是http://sh.34580.com/p/6，耗时246毫秒
[2017-06-13 09:30:00.383] [INFO] normal - [2017-6-13 09:29:24_12608_30]现在的并发数是18，正在抓取的是http://sh.34580.com/p/0，耗时357毫秒
[2017-06-13 09:30:00.410] [INFO] normal - [2017-6-13 09:29:24_12608_30]现在的并发数是17，正在抓取的是http://sh.34580.com/p/23，耗时382毫秒
[2017-06-13 09:30:00.473] [INFO] normal - [2017-6-13 09:29:24_12608_30]------- DB NONE ------- 5
[2017-06-13 09:30:00.475] [INFO] normal - [2017-6-13 09:29:24_12608_30]现在的并发数是16，正在抓取的是http://sh.34580.com/p/21，耗时423毫秒
[2017-06-13 09:30:00.478] [INFO] normal - [2017-6-13 09:29:24_12608_30]现在的并发数是15，正在抓取的是http://sh.34580.com/p/1，耗时444毫秒
[2017-06-13 09:30:00.529] [INFO] normal - [2017-6-13 09:29:24_12608_30]现在的并发数是14，正在抓取的是http://sh.34580.com/p/16，耗时502毫秒
[2017-06-13 09:30:00.576] [INFO] normal - [2017-6-13 09:29:24_12608_30]现在的并发数是13，正在抓取的是http://sh.34580.com/p/22，耗时549毫秒
[2017-06-13 09:30:00.645] [INFO] normal - [2017-6-13 09:29:24_12608_30]现在的并发数是12，正在抓取的是http://sh.34580.com/p/5，耗时619毫秒
[2017-06-13 09:30:00.655] [INFO] normal - [2017-6-13 09:29:24_12608_30]现在的并发数是11，正在抓取的是http://sh.34580.com/p/2，耗时629毫秒
[2017-06-13 09:30:00.669] [INFO] normal - [2017-6-13 09:29:24_12608_30]现在的并发数是10，正在抓取的是http://sh.34580.com/p/9，耗时642毫秒
[2017-06-13 09:30:00.688] [INFO] normal - [2017-6-13 09:29:24_12608_30]现在的并发数是9，正在抓取的是http://sh.34580.com/p/10，耗时660毫秒
[2017-06-13 09:30:00.707] [INFO] normal - [2017-6-13 09:29:24_12608_30]现在的并发数是8，正在抓取的是http://sh.34580.com/p/11，耗时680毫秒
[2017-06-13 09:30:00.723] [INFO] normal - [2017-6-13 09:29:24_12608_30]现在的并发数是7，正在抓取的是http://sh.34580.com/p/7，耗时696毫秒
[2017-06-13 09:30:00.841] [INFO] normal - [2017-6-13 09:29:24_12608_30]现在的并发数是6，正在抓取的是http://sh.34580.com/p/13，耗时730毫秒
[2017-06-13 09:30:00.842] [INFO] normal - [2017-6-13 09:29:24_12608_30]现在的并发数是5，正在抓取的是http://sh.34580.com/p/8，耗时777毫秒
[2017-06-13 09:30:00.842] [INFO] normal - [2017-6-13 09:29:24_12608_30]现在的并发数是4，正在抓取的是http://sh.34580.com/p/19，耗时776毫秒
[2017-06-13 09:30:00.851] [INFO] normal - [2017-6-13 09:29:24_12608_30]------------------ DB SUCCESS ------- 5
[2017-06-13 09:30:00.923] [INFO] normal - [2017-6-13 09:29:24_12608_30]------------------ DB SUCCESS ------- 5
[2017-06-13 09:30:00.927] [INFO] normal - [2017-6-13 09:29:24_12608_30]现在的并发数是3，正在抓取的是http://sh.34580.com/p/24，耗时901毫秒
[2017-06-13 09:30:00.930] [INFO] normal - [2017-6-13 09:29:24_12608_30]现在的并发数是2，正在抓取的是http://sh.34580.com/p/17，耗时903毫秒
[2017-06-13 09:30:00.987] [INFO] normal - [2017-6-13 09:29:24_12608_30]现在的并发数是1，正在抓取的是http://sh.34580.com/p/15，耗时960毫秒
[2017-06-13 09:30:01.134] [INFO] normal - [2017-6-13 09:29:24_12608_30]------------------ DB SUCCESS ------- 5
[2017-06-13 09:30:01.140] [INFO] normal - [2017-6-13 09:29:24_12608_30]------------------ DB SUCCESS ------- 5
[2017-06-13 09:30:01.195] [INFO] normal - [2017-6-13 09:29:24_12608_30]------------------ DB SUCCESS ------- 5
[2017-06-13 09:30:01.215] [INFO] normal - [2017-6-13 09:29:24_12608_30]------------------ DB SUCCESS ------- 5
[2017-06-13 09:30:01.249] [INFO] normal - [2017-6-13 09:29:24_12608_30]------------------ DB SUCCESS ------- 5
[2017-06-13 09:30:01.434] [INFO] normal - [2017-6-13 09:29:24_12608_30]------------------ DB SUCCESS ------- 5
[2017-06-13 09:30:01.626] [INFO] normal - [2017-6-13 09:29:24_12608_30]------------------ DB SUCCESS ------- 5
[2017-06-13 09:30:01.627] [INFO] normal - [2017-6-13 09:29:24_12608_30]------------------ DB SUCCESS ------- 5
[2017-06-13 09:30:01.826] [INFO] normal - [2017-6-13 09:29:24_12608_30]------------------ DB SUCCESS ------- 5
[2017-06-13 09:30:01.970] [INFO] normal - [2017-6-13 09:29:24_12608_30]------------------ DB SUCCESS ------- 5
[2017-06-13 09:30:01.973] [INFO] normal - [2017-6-13 09:29:24_12608_30]------------------ DB SUCCESS ------- 5
[2017-06-13 09:30:02.145] [INFO] normal - [2017-6-13 09:29:24_12608_30]------------------ DB SUCCESS ------- 5
[2017-06-13 09:30:02.148] [INFO] normal - [2017-6-13 09:29:24_12608_30]------------------ DB SUCCESS ------- 5
[2017-06-13 09:30:02.195] [INFO] normal - [2017-6-13 09:29:24_12608_30]------------------ DB SUCCESS ------- 5
[2017-06-13 09:30:02.217] [INFO] normal - [2017-6-13 09:29:24_12608_30]------------------ DB SUCCESS ------- 5
[2017-06-13 09:30:02.286] [INFO] normal - [2017-6-13 09:29:24_12608_30]------------------ DB SUCCESS ------- 5
[2017-06-13 09:30:02.332] [INFO] normal - [2017-6-13 09:29:24_12608_30]------------------ DB SUCCESS ------- 5
[2017-06-13 09:30:02.333] [INFO] normal - [2017-6-13 09:29:24_12608_30]------------------ DB SUCCESS ------- 5
[2017-06-13 09:30:02.335] [INFO] normal - [2017-6-13 09:29:24_12608_30]------------------ DB SUCCESS ------- 5
[2017-06-13 09:30:02.376] [INFO] normal - [2017-6-13 09:29:24_12608_30]------------------ DB SUCCESS ------- 5
[2017-06-13 09:30:02.398] [WARN] normal - [2017-6-13 09:29:24_12608_30]=========================== TASK END ===========================
[2017-06-13 09:30:02.399] [WARN] normal - [2017-6-13 09:29:24_12608_30]本次爬虫结果总共25条  耗时=[2]秒
[2017-06-13 09:30:02.401] [INFO] normal - [2017-6-13 09:29:24_12608_30]------------------ DB SUCCESS ------- 5
[2017-06-13 09:30:02.406] [INFO] normal - [2017-6-13 09:29:24_12608_30]------------------ DB SUCCESS ------- 5
