[2017-06-13 15:30:00.031] [INFO] normal - [TASK] start  2017-6-13 09:29:24_12608_30
[2017-06-13 15:30:00.040] [WARN] normal - [2017-6-13 09:29:24_12608_30]=========================== Task START ===========================
[2017-06-13 15:30:00.063] [INFO] normal - [2017-6-13 09:29:24_12608_30]现在的并发数是25，正在抓取的是http://sh.34580.com/p/17，耗时20毫秒
[2017-06-13 15:30:00.074] [INFO] normal - [2017-6-13 09:29:24_12608_30]现在的并发数是24，正在抓取的是http://sh.34580.com/p/5，耗时26毫秒
[2017-06-13 15:30:00.076] [INFO] normal - [2017-6-13 09:29:24_12608_30]现在的并发数是23，正在抓取的是http://sh.34580.com/p/13，耗时27毫秒
[2017-06-13 15:30:00.205] [INFO] normal - [2017-6-13 09:29:24_12608_30]现在的并发数是22，正在抓取的是http://sh.34580.com/p/14，耗时162毫秒
[2017-06-13 15:30:00.262] [INFO] normal - [2017-6-13 09:29:24_12608_30]现在的并发数是21，正在抓取的是http://sh.34580.com/p/7，耗时219毫秒
[2017-06-13 15:30:00.273] [INFO] normal - [2017-6-13 09:29:24_12608_30]现在的并发数是20，正在抓取的是http://sh.34580.com/p/0，耗时229毫秒
[2017-06-13 15:30:00.336] [INFO] normal - [2017-6-13 09:29:24_12608_30]------- DB NONE ------- 5
[2017-06-13 15:30:00.363] [INFO] normal - [2017-6-13 09:29:24_12608_30]现在的并发数是19，正在抓取的是http://sh.34580.com/p/21，耗时321毫秒
[2017-06-13 15:30:00.455] [INFO] normal - [2017-6-13 09:29:24_12608_30]现在的并发数是18，正在抓取的是http://sh.34580.com/p/4，耗时412毫秒
[2017-06-13 15:30:00.479] [INFO] normal - [2017-6-13 09:29:24_12608_30]现在的并发数是17，正在抓取的是http://sh.34580.com/p/16，耗时436毫秒
[2017-06-13 15:30:00.510] [INFO] normal - [2017-6-13 09:29:24_12608_30]现在的并发数是16，正在抓取的是http://sh.34580.com/p/8，耗时467毫秒
[2017-06-13 15:30:00.583] [INFO] normal - [2017-6-13 09:29:24_12608_30]现在的并发数是15，正在抓取的是http://sh.34580.com/p/24，耗时540毫秒
[2017-06-13 15:30:00.613] [INFO] normal - [2017-6-13 09:29:24_12608_30]现在的并发数是14，正在抓取的是http://sh.34580.com/p/18，耗时570毫秒
[2017-06-13 15:30:00.731] [INFO] normal - [2017-6-13 09:29:24_12608_30]现在的并发数是13，正在抓取的是http://sh.34580.com/p/6，耗时618毫秒
[2017-06-13 15:30:00.732] [INFO] normal - [2017-6-13 09:29:24_12608_30]现在的并发数是12，正在抓取的是http://sh.34580.com/p/2，耗时640毫秒
[2017-06-13 15:30:00.733] [INFO] normal - [2017-6-13 09:29:24_12608_30]现在的并发数是11，正在抓取的是http://sh.34580.com/p/3，耗时666毫秒
[2017-06-13 15:30:00.734] [INFO] normal - [2017-6-13 09:29:24_12608_30]现在的并发数是10，正在抓取的是http://sh.34580.com/p/9，耗时690毫秒
[2017-06-13 15:30:00.737] [INFO] normal - [2017-6-13 09:29:24_12608_30]现在的并发数是9，正在抓取的是http://sh.34580.com/p/22，耗时693毫秒
[2017-06-13 15:30:00.859] [INFO] normal - [2017-6-13 09:29:24_12608_30]现在的并发数是8，正在抓取的是http://sh.34580.com/p/20，耗时711毫秒
[2017-06-13 15:30:00.860] [INFO] normal - [2017-6-13 09:29:24_12608_30]现在的并发数是7，正在抓取的是http://sh.34580.com/p/23，耗时749毫秒
[2017-06-13 15:30:00.862] [INFO] normal - [2017-6-13 09:29:24_12608_30]现在的并发数是6，正在抓取的是http://sh.34580.com/p/15，耗时759毫秒
[2017-06-13 15:30:00.864] [INFO] normal - [2017-6-13 09:29:24_12608_30]现在的并发数是5，正在抓取的是http://sh.34580.com/p/19，耗时784毫秒
[2017-06-13 15:30:00.872] [INFO] normal - [2017-6-13 09:29:24_12608_30]------------------ DB SUCCESS ------- 5
[2017-06-13 15:30:00.882] [INFO] normal - [2017-6-13 09:29:24_12608_30]------------------ DB SUCCESS ------- 5
[2017-06-13 15:30:00.967] [INFO] normal - [2017-6-13 09:29:24_12608_30]现在的并发数是4，正在抓取的是http://sh.34580.com/p/12，耗时893毫秒
[2017-06-13 15:30:00.968] [INFO] normal - [2017-6-13 09:29:24_12608_30]现在的并发数是3，正在抓取的是http://sh.34580.com/p/11，耗时896毫秒
[2017-06-13 15:30:00.969] [INFO] normal - [2017-6-13 09:29:24_12608_30]现在的并发数是2，正在抓取的是http://sh.34580.com/p/10，耗时912毫秒
[2017-06-13 15:30:01.046] [INFO] normal - [2017-6-13 09:29:24_12608_30]现在的并发数是1，正在抓取的是http://sh.34580.com/p/1，耗时951毫秒
[2017-06-13 15:30:01.190] [INFO] normal - [2017-6-13 09:29:24_12608_30]------------------ DB SUCCESS ------- 5
[2017-06-13 15:30:01.191] [INFO] normal - [2017-6-13 09:29:24_12608_30]------------------ DB SUCCESS ------- 5
[2017-06-13 15:30:01.266] [INFO] normal - [2017-6-13 09:29:24_12608_30]------------------ DB SUCCESS ------- 5
[2017-06-13 15:30:01.267] [INFO] normal - [2017-6-13 09:29:24_12608_30]------------------ DB SUCCESS ------- 5
[2017-06-13 15:30:01.346] [INFO] normal - [2017-6-13 09:29:24_12608_30]------------------ DB SUCCESS ------- 5
[2017-06-13 15:30:01.575] [INFO] normal - [2017-6-13 09:29:24_12608_30]------------------ DB SUCCESS ------- 5
[2017-06-13 15:30:01.693] [INFO] normal - [2017-6-13 09:29:24_12608_30]------------------ DB SUCCESS ------- 5
[2017-06-13 15:30:01.694] [INFO] normal - [2017-6-13 09:29:24_12608_30]------------------ DB SUCCESS ------- 5
[2017-06-13 15:30:01.696] [INFO] normal - [2017-6-13 09:29:24_12608_30]------------------ DB SUCCESS ------- 5
[2017-06-13 15:30:01.702] [INFO] normal - [2017-6-13 09:29:24_12608_30]------------------ DB SUCCESS ------- 5
[2017-06-13 15:30:02.013] [INFO] normal - [2017-6-13 09:29:24_12608_30]------------------ DB SUCCESS ------- 5
[2017-06-13 15:30:02.016] [INFO] normal - [2017-6-13 09:29:24_12608_30]------------------ DB SUCCESS ------- 5
[2017-06-13 15:30:02.018] [INFO] normal - [2017-6-13 09:29:24_12608_30]------------------ DB SUCCESS ------- 5
[2017-06-13 15:30:02.094] [INFO] normal - [2017-6-13 09:29:24_12608_30]------------------ DB SUCCESS ------- 5
[2017-06-13 15:30:02.097] [INFO] normal - [2017-6-13 09:29:24_12608_30]------------------ DB SUCCESS ------- 5
[2017-06-13 15:30:02.295] [INFO] normal - [2017-6-13 09:29:24_12608_30]------------------ DB SUCCESS ------- 5
[2017-06-13 15:30:02.482] [WARN] normal - [2017-6-13 09:29:24_12608_30]=========================== TASK END ===========================
[2017-06-13 15:30:02.483] [WARN] normal - [2017-6-13 09:29:24_12608_30]本次爬虫结果总共25条  耗时=[2]秒
[2017-06-13 15:30:02.486] [INFO] normal - [2017-6-13 09:29:24_12608_30]------------------ DB SUCCESS ------- 5
[2017-06-13 15:30:02.488] [INFO] normal - [2017-6-13 09:29:24_12608_30]------------------ DB SUCCESS ------- 5
[2017-06-13 15:30:02.504] [INFO] normal - [2017-6-13 09:29:24_12608_30]------------------ DB SUCCESS ------- 5
[2017-06-13 15:30:02.506] [INFO] normal - [2017-6-13 09:29:24_12608_30]------------------ DB SUCCESS ------- 5
[2017-06-13 15:30:02.510] [INFO] normal - [2017-6-13 09:29:24_12608_30]------------------ DB SUCCESS ------- 5
[2017-06-13 15:30:02.516] [INFO] normal - [2017-6-13 09:29:24_12608_30]------------------ DB SUCCESS ------- 5
