[2017-06-13 10:30:00.040] [INFO] normal - [TASK] start  2017-6-13 09:29:24_12608_30
[2017-06-13 10:30:00.054] [WARN] normal - [2017-6-13 09:29:24_12608_30]=========================== Task START ===========================
[2017-06-13 10:30:00.064] [INFO] normal - [2017-6-13 09:29:24_12608_30]现在的并发数是25，正在抓取的是http://sh.34580.com/p/23，耗时6毫秒
[2017-06-13 10:30:00.076] [INFO] normal - [2017-6-13 09:29:24_12608_30]现在的并发数是24，正在抓取的是http://sh.34580.com/p/19，耗时18毫秒
[2017-06-13 10:30:00.229] [INFO] normal - [2017-6-13 09:29:24_12608_30]现在的并发数是23，正在抓取的是http://sh.34580.com/p/8，耗时170毫秒
[2017-06-13 10:30:00.239] [INFO] normal - [2017-6-13 09:29:24_12608_30]现在的并发数是22，正在抓取的是http://sh.34580.com/p/9，耗时180毫秒
[2017-06-13 10:30:00.242] [INFO] normal - [2017-6-13 09:29:24_12608_30]现在的并发数是21，正在抓取的是http://sh.34580.com/p/0，耗时182毫秒
[2017-06-13 10:30:00.333] [INFO] normal - [2017-6-13 09:29:24_12608_30]------- DB NONE ------- 5
[2017-06-13 10:30:00.335] [INFO] normal - [2017-6-13 09:29:24_12608_30]现在的并发数是20，正在抓取的是http://sh.34580.com/p/7，耗时233毫秒
[2017-06-13 10:30:00.340] [INFO] normal - [2017-6-13 09:29:24_12608_30]现在的并发数是19，正在抓取的是http://sh.34580.com/p/24，耗时281毫秒
[2017-06-13 10:30:00.372] [INFO] normal - [2017-6-13 09:29:24_12608_30]现在的并发数是18，正在抓取的是http://sh.34580.com/p/3，耗时312毫秒
[2017-06-13 10:30:00.397] [INFO] normal - [2017-6-13 09:29:24_12608_30]现在的并发数是17，正在抓取的是http://sh.34580.com/p/18，耗时337毫秒
[2017-06-13 10:30:00.403] [INFO] normal - [2017-6-13 09:29:24_12608_30]现在的并发数是16，正在抓取的是http://sh.34580.com/p/5，耗时344毫秒
[2017-06-13 10:30:00.464] [INFO] normal - [2017-6-13 09:29:24_12608_30]现在的并发数是15，正在抓取的是http://sh.34580.com/p/11，耗时402毫秒
[2017-06-13 10:30:00.527] [INFO] normal - [2017-6-13 09:29:24_12608_30]现在的并发数是14，正在抓取的是http://sh.34580.com/p/4，耗时468毫秒
[2017-06-13 10:30:00.659] [INFO] normal - [2017-6-13 09:29:24_12608_30]现在的并发数是13，正在抓取的是http://sh.34580.com/p/12，耗时601毫秒
[2017-06-13 10:30:00.697] [INFO] normal - [2017-6-13 09:29:24_12608_30]现在的并发数是12，正在抓取的是http://sh.34580.com/p/14，耗时639毫秒
[2017-06-13 10:30:00.767] [INFO] normal - [2017-6-13 09:29:24_12608_30]现在的并发数是11，正在抓取的是http://sh.34580.com/p/2，耗时708毫秒
[2017-06-13 10:30:00.779] [INFO] normal - [2017-6-13 09:29:24_12608_30]现在的并发数是10，正在抓取的是http://sh.34580.com/p/22，耗时720毫秒
[2017-06-13 10:30:00.885] [INFO] normal - [2017-6-13 09:29:24_12608_30]现在的并发数是9，正在抓取的是http://sh.34580.com/p/6，耗时733毫秒
[2017-06-13 10:30:00.886] [INFO] normal - [2017-6-13 09:29:24_12608_30]现在的并发数是8，正在抓取的是http://sh.34580.com/p/10，耗时754毫秒
[2017-06-13 10:30:00.886] [INFO] normal - [2017-6-13 09:29:24_12608_30]现在的并发数是7，正在抓取的是http://sh.34580.com/p/16，耗时757毫秒
[2017-06-13 10:30:00.887] [INFO] normal - [2017-6-13 09:29:24_12608_30]现在的并发数是6，正在抓取的是http://sh.34580.com/p/1，耗时778毫秒
[2017-06-13 10:30:01.043] [INFO] normal - [2017-6-13 09:29:24_12608_30]现在的并发数是5，正在抓取的是http://sh.34580.com/p/17，耗时888毫秒
[2017-06-13 10:30:01.046] [INFO] normal - [2017-6-13 09:29:24_12608_30]现在的并发数是4，正在抓取的是http://sh.34580.com/p/15，耗时913毫秒
[2017-06-13 10:30:01.051] [INFO] normal - [2017-6-13 09:29:24_12608_30]现在的并发数是3，正在抓取的是http://sh.34580.com/p/13，耗时988毫秒
[2017-06-13 10:30:01.052] [INFO] normal - [2017-6-13 09:29:24_12608_30]现在的并发数是2，正在抓取的是http://sh.34580.com/p/21，耗时993毫秒
[2017-06-13 10:30:01.058] [INFO] normal - [2017-6-13 09:29:24_12608_30]现在的并发数是1，正在抓取的是http://sh.34580.com/p/20，耗时998毫秒
[2017-06-13 10:30:01.060] [INFO] normal - [2017-6-13 09:29:24_12608_30]------------------ DB SUCCESS ------- 5
[2017-06-13 10:30:01.076] [INFO] normal - [2017-6-13 09:29:24_12608_30]------------------ DB SUCCESS ------- 5
[2017-06-13 10:30:01.169] [INFO] normal - [2017-6-13 09:29:24_12608_30]------------------ DB SUCCESS ------- 5
[2017-06-13 10:30:01.185] [INFO] normal - [2017-6-13 09:29:24_12608_30]------------------ DB SUCCESS ------- 5
[2017-06-13 10:30:01.194] [INFO] normal - [2017-6-13 09:29:24_12608_30]------------------ DB SUCCESS ------- 5
[2017-06-13 10:30:01.249] [INFO] normal - [2017-6-13 09:29:24_12608_30]------------------ DB SUCCESS ------- 5
[2017-06-13 10:30:01.402] [INFO] normal - [2017-6-13 09:29:24_12608_30]------------------ DB SUCCESS ------- 5
[2017-06-13 10:30:01.467] [INFO] normal - [2017-6-13 09:29:24_12608_30]------------------ DB SUCCESS ------- 5
[2017-06-13 10:30:01.584] [INFO] normal - [2017-6-13 09:29:24_12608_30]------------------ DB SUCCESS ------- 5
[2017-06-13 10:30:01.587] [INFO] normal - [2017-6-13 09:29:24_12608_30]------------------ DB SUCCESS ------- 5
[2017-06-13 10:30:01.749] [INFO] normal - [2017-6-13 09:29:24_12608_30]------------------ DB SUCCESS ------- 5
[2017-06-13 10:30:01.751] [INFO] normal - [2017-6-13 09:29:24_12608_30]------------------ DB SUCCESS ------- 5
[2017-06-13 10:30:01.853] [INFO] normal - [2017-6-13 09:29:24_12608_30]------------------ DB SUCCESS ------- 5
[2017-06-13 10:30:01.866] [INFO] normal - [2017-6-13 09:29:24_12608_30]------------------ DB SUCCESS ------- 5
[2017-06-13 10:30:01.868] [INFO] normal - [2017-6-13 09:29:24_12608_30]------------------ DB SUCCESS ------- 5
[2017-06-13 10:30:01.999] [INFO] normal - [2017-6-13 09:29:24_12608_30]------------------ DB SUCCESS ------- 5
[2017-06-13 10:30:02.130] [INFO] normal - [2017-6-13 09:29:24_12608_30]------------------ DB SUCCESS ------- 5
[2017-06-13 10:30:02.200] [INFO] normal - [2017-6-13 09:29:24_12608_30]------------------ DB SUCCESS ------- 5
[2017-06-13 10:30:02.259] [INFO] normal - [2017-6-13 09:29:24_12608_30]------------------ DB SUCCESS ------- 5
[2017-06-13 10:30:02.261] [INFO] normal - [2017-6-13 09:29:24_12608_30]------------------ DB SUCCESS ------- 5
[2017-06-13 10:30:02.355] [WARN] normal - [2017-6-13 09:29:24_12608_30]=========================== TASK END ===========================
[2017-06-13 10:30:02.356] [WARN] normal - [2017-6-13 09:29:24_12608_30]本次爬虫结果总共25条  耗时=[2]秒
[2017-06-13 10:30:02.363] [INFO] normal - [2017-6-13 09:29:24_12608_30]------------------ DB SUCCESS ------- 5
[2017-06-13 10:30:02.371] [INFO] normal - [2017-6-13 09:29:24_12608_30]------------------ DB SUCCESS ------- 5
[2017-06-13 10:30:02.372] [INFO] normal - [2017-6-13 09:29:24_12608_30]------------------ DB SUCCESS ------- 5
[2017-06-13 10:30:02.373] [INFO] normal - [2017-6-13 09:29:24_12608_30]------------------ DB SUCCESS ------- 5
